
Inactive Modules:
  1) defaultenv     2) lmod

Read the runprops.txt file
../runs/Haumea/HST_2009/Haumea_init_guess.csv ../runs/Haumea/HST_2009/Haumea_priors_df.csv ../runs/Haumea/HST_2009/Haumea_obs_df.csv
  0%|          | 0/100 [00:00<?, ?it/s]  1%|          | 1/100 [00:03<05:02,  3.06s/it]  2%|▏         | 2/100 [00:05<04:28,  2.74s/it]  3%|▎         | 3/100 [00:07<04:03,  2.51s/it]  4%|▍         | 4/100 [00:09<03:45,  2.35s/it]  5%|▌         | 5/100 [00:10<03:32,  2.24s/it]  6%|▌         | 6/100 [00:12<03:23,  2.16s/it]  7%|▋         | 7/100 [00:14<03:17,  2.12s/it]  8%|▊         | 8/100 [00:16<03:11,  2.08s/it]  9%|▉         | 9/100 [00:18<03:06,  2.05s/it] 10%|█         | 10/100 [00:20<03:02,  2.03s/it] 11%|█         | 11/100 [00:22<03:00,  2.03s/it] 12%|█▏        | 12/100 [00:25<03:24,  2.32s/it] 13%|█▎        | 13/100 [00:27<03:13,  2.23s/it] 14%|█▍        | 14/100 [00:29<03:04,  2.15s/it] 15%|█▌        | 15/100 [00:31<02:59,  2.11s/it] 16%|█▌        | 16/100 [00:33<02:53,  2.07s/it] 17%|█▋        | 17/100 [00:35<02:49,  2.04s/it] 18%|█▊        | 18/100 [00:37<02:46,  2.02s/it] 19%|█▉        | 19/100 [00:39<02:45,  2.05s/it] 20%|██        | 20/100 [00:41<02:42,  2.03s/it] 21%|██        | 21/100 [00:43<02:39,  2.01s/it] 22%|██▏       | 22/100 [00:46<03:00,  2.31s/it] 23%|██▎       | 23/100 [00:48<02:50,  2.21s/it] 24%|██▍       | 24/100 [00:50<02:43,  2.15s/it] 25%|██▌       | 25/100 [00:52<02:37,  2.10s/it] 26%|██▌       | 26/100 [00:54<02:33,  2.07s/it] 27%|██▋       | 27/100 [00:56<02:29,  2.04s/it] 28%|██▊       | 28/100 [00:58<02:25,  2.02s/it] 29%|██▉       | 29/100 [01:01<02:45,  2.33s/it] 30%|███       | 30/100 [01:03<02:35,  2.23s/it] 31%|███       | 31/100 [01:05<02:29,  2.16s/it] 32%|███▏      | 32/100 [01:07<02:23,  2.11s/it] 33%|███▎      | 33/100 [01:09<02:18,  2.07s/it] 34%|███▍      | 34/100 [01:11<02:14,  2.04s/it] 35%|███▌      | 35/100 [01:13<02:12,  2.03s/it] 36%|███▌      | 36/100 [01:16<02:29,  2.34s/it] 37%|███▋      | 37/100 [01:18<02:21,  2.24s/it] 38%|███▊      | 38/100 [01:20<02:13,  2.16s/it] 39%|███▉      | 39/100 [01:22<02:08,  2.11s/it] 40%|████      | 40/100 [01:24<02:04,  2.08s/it] 41%|████      | 41/100 [01:26<02:00,  2.04s/it] 42%|████▏     | 42/100 [01:29<02:17,  2.36s/it] 43%|████▎     | 43/100 [01:32<02:10,  2.30s/it] 44%|████▍     | 44/100 [01:34<02:03,  2.20s/it] 45%|████▌     | 45/100 [01:36<01:58,  2.15s/it] 46%|████▌     | 46/100 [01:38<01:53,  2.10s/it] 47%|████▋     | 47/100 [01:40<01:49,  2.07s/it] 48%|████▊     | 48/100 [01:42<01:46,  2.05s/it] 49%|████▉     | 49/100 [01:45<01:57,  2.31s/it] 50%|█████     | 50/100 [01:47<01:51,  2.22s/it] 51%|█████     | 51/100 [01:49<01:46,  2.17s/it] 52%|█████▏    | 52/100 [01:51<01:41,  2.12s/it] 53%|█████▎    | 53/100 [01:53<01:37,  2.08s/it] 54%|█████▍    | 54/100 [01:55<01:34,  2.05s/it] 55%|█████▌    | 55/100 [01:57<01:31,  2.03s/it] 56%|█████▌    | 56/100 [01:59<01:28,  2.02s/it] 57%|█████▋    | 57/100 [02:01<01:26,  2.01s/it] 58%|█████▊    | 58/100 [02:03<01:23,  2.00s/it] 59%|█████▉    | 59/100 [02:05<01:34,  2.29s/it] 60%|██████    | 60/100 [02:07<01:27,  2.20s/it] 61%|██████    | 61/100 [02:09<01:23,  2.13s/it] 62%|██████▏   | 62/100 [02:11<01:19,  2.08s/it] 63%|██████▎   | 63/100 [02:13<01:15,  2.05s/it] 64%|██████▍   | 64/100 [02:15<01:12,  2.03s/it] 65%|██████▌   | 65/100 [02:17<01:10,  2.02s/it] 66%|██████▌   | 66/100 [02:20<01:19,  2.34s/it] 67%|██████▋   | 67/100 [02:23<01:14,  2.27s/it] 68%|██████▊   | 68/100 [02:25<01:10,  2.19s/it] 69%|██████▉   | 69/100 [02:27<01:05,  2.12s/it] 70%|███████   | 70/100 [02:29<01:02,  2.08s/it] 71%|███████   | 71/100 [02:30<00:59,  2.05s/it] 72%|███████▏  | 72/100 [02:32<00:56,  2.03s/it] 73%|███████▎  | 73/100 [02:34<00:54,  2.01s/it] 74%|███████▍  | 74/100 [02:37<01:00,  2.32s/it] 75%|███████▌  | 75/100 [02:39<00:55,  2.22s/it] 76%|███████▌  | 76/100 [02:41<00:51,  2.15s/it] 77%|███████▋  | 77/100 [02:43<00:48,  2.09s/it] 78%|███████▊  | 78/100 [02:45<00:45,  2.07s/it] 79%|███████▉  | 79/100 [02:47<00:42,  2.04s/it] 80%|████████  | 80/100 [02:49<00:40,  2.03s/it] 81%|████████  | 81/100 [02:51<00:38,  2.01s/it] 82%|████████▏ | 82/100 [02:53<00:36,  2.00s/it] 83%|████████▎ | 83/100 [02:55<00:34,  2.00s/it] 84%|████████▍ | 84/100 [02:57<00:31,  2.00s/it] 85%|████████▌ | 85/100 [02:59<00:29,  1.99s/it] 86%|████████▌ | 86/100 [03:02<00:32,  2.33s/it] 87%|████████▋ | 87/100 [03:04<00:28,  2.23s/it] 88%|████████▊ | 88/100 [03:06<00:25,  2.15s/it] 89%|████████▉ | 89/100 [03:08<00:23,  2.10s/it] 90%|█████████ | 90/100 [03:10<00:20,  2.06s/it] 91%|█████████ | 91/100 [03:12<00:18,  2.08s/it] 92%|█████████▏| 92/100 [03:16<00:18,  2.36s/it] 93%|█████████▎| 93/100 [03:17<00:15,  2.25s/it] 94%|█████████▍| 94/100 [03:19<00:13,  2.18s/it] 95%|█████████▌| 95/100 [03:21<00:10,  2.12s/it] 96%|█████████▌| 96/100 [03:23<00:08,  2.07s/it] 97%|█████████▋| 97/100 [03:25<00:06,  2.04s/it] 98%|█████████▊| 98/100 [03:27<00:04,  2.03s/it] 99%|█████████▉| 99/100 [03:29<00:02,  2.02s/it]100%|██████████| 100/100 [03:31<00:00,  2.01s/it]100%|██████████| 100/100 [03:31<00:00,  2.12s/it]Testing to see if initial params are valid

  0%|          | 0/400 [00:00<?, ?it/s]  0%|          | 1/400 [00:10<1:08:12, 10.26s/it]  0%|          | 2/400 [00:20<1:07:41, 10.20s/it]  1%|          | 3/400 [00:30<1:08:17, 10.32s/it]  1%|          | 4/400 [00:40<1:07:01, 10.16s/it]  1%|▏         | 5/400 [00:50<1:05:17,  9.92s/it]  2%|▏         | 6/400 [00:59<1:04:53,  9.88s/it]  2%|▏         | 7/400 [01:09<1:04:08,  9.79s/it]  2%|▏         | 8/400 [01:19<1:04:56,  9.94s/it]  2%|▏         | 9/400 [01:28<1:02:57,  9.66s/it]  2%|▎         | 10/400 [01:38<1:03:28,  9.76s/it]  3%|▎         | 11/400 [01:48<1:02:41,  9.67s/it]  3%|▎         | 12/400 [01:57<1:01:30,  9.51s/it]  3%|▎         | 13/400 [02:06<1:01:10,  9.48s/it]  4%|▎         | 14/400 [02:17<1:03:06,  9.81s/it]  4%|▍         | 15/400 [02:27<1:04:21, 10.03s/it]  4%|▍         | 16/400 [02:38<1:05:21, 10.21s/it]  4%|▍         | 17/400 [02:48<1:04:57, 10.18s/it]  4%|▍         | 18/400 [02:58<1:04:28, 10.13s/it]  5%|▍         | 19/400 [03:08<1:03:50, 10.05s/it]  5%|▌         | 20/400 [03:18<1:02:54,  9.93s/it]  5%|▌         | 21/400 [03:28<1:02:42,  9.93s/it]  6%|▌         | 22/400 [03:37<1:01:22,  9.74s/it]  6%|▌         | 23/400 [03:47<1:01:52,  9.85s/it]  6%|▌         | 24/400 [03:57<1:01:38,  9.84s/it]  6%|▋         | 25/400 [04:07<1:02:50, 10.06s/it]  6%|▋         | 26/400 [04:17<1:02:07,  9.97s/it]  7%|▋         | 27/400 [04:26<59:57,  9.64s/it]    7%|▋         | 28/400 [04:36<1:00:25,  9.75s/it]  7%|▋         | 29/400 [04:46<1:00:04,  9.71s/it]  8%|▊         | 30/400 [04:55<1:00:08,  9.75s/it]  8%|▊         | 31/400 [05:06<1:00:42,  9.87s/it]  8%|▊         | 32/400 [05:15<1:00:32,  9.87s/it]  8%|▊         | 33/400 [05:26<1:01:37, 10.08s/it]  8%|▊         | 34/400 [05:36<1:00:49,  9.97s/it]  9%|▉         | 35/400 [05:45<59:43,  9.82s/it]    9%|▉         | 36/400 [05:55<1:00:00,  9.89s/it]  9%|▉         | 37/400 [06:05<1:00:20,  9.97s/it] 10%|▉         | 38/400 [06:15<1:00:15,  9.99s/it] 10%|▉         | 39/400 [06:25<59:30,  9.89s/it]   10%|█         | 40/400 [06:35<58:52,  9.81s/it] 10%|█         | 41/400 [06:45<1:00:04, 10.04s/it] 10%|█         | 42/400 [06:55<59:45, 10.02s/it]   11%|█         | 43/400 [07:05<59:53, 10.07s/it] 11%|█         | 44/400 [07:15<59:04,  9.96s/it] 11%|█▏        | 45/400 [07:26<59:43, 10.10s/it] 12%|█▏        | 46/400 [07:36<59:18, 10.05s/it] 12%|█▏        | 47/400 [07:46<59:49, 10.17s/it] 12%|█▏        | 48/400 [07:56<1:00:07, 10.25s/it] 12%|█▏        | 49/400 [08:07<1:00:10, 10.29s/it] 12%|█▎        | 50/400 [08:17<59:45, 10.25s/it]   13%|█▎        | 51/400 [08:28<1:00:08, 10.34s/it] 13%|█▎        | 52/400 [08:37<59:08, 10.20s/it]   13%|█▎        | 53/400 [08:47<58:33, 10.12s/it] 14%|█▎        | 54/400 [08:57<57:37,  9.99s/it] 14%|█▍        | 55/400 [09:07<56:43,  9.87s/it] 14%|█▍        | 56/400 [09:16<56:09,  9.80s/it] 14%|█▍        | 57/400 [09:27<56:55,  9.96s/it] 14%|█▍        | 58/400 [09:37<58:06, 10.19s/it] 15%|█▍        | 59/400 [09:48<58:38, 10.32s/it] 15%|█▌        | 60/400 [09:58<57:42, 10.18s/it] 15%|█▌        | 61/400 [10:08<57:27, 10.17s/it] 16%|█▌        | 62/400 [10:17<55:33,  9.86s/it] 16%|█▌        | 63/400 [10:27<55:44,  9.92s/it] 16%|█▌        | 64/400 [10:37<55:28,  9.91s/it] 16%|█▋        | 65/400 [10:47<54:49,  9.82s/it] 16%|█▋        | 66/400 [10:56<53:47,  9.66s/it] 17%|█▋        | 67/400 [11:06<54:10,  9.76s/it] 17%|█▋        | 68/400 [11:16<54:05,  9.78s/it] 17%|█▋        | 69/400 [11:26<54:42,  9.92s/it] 18%|█▊        | 70/400 [11:36<55:24, 10.07s/it] 18%|█▊        | 71/400 [11:46<54:55, 10.02s/it] 18%|█▊        | 72/400 [11:57<55:23, 10.13s/it] 18%|█▊        | 73/400 [12:07<55:34, 10.20s/it] 18%|█▊        | 74/400 [12:17<55:06, 10.14s/it] 19%|█▉        | 75/400 [12:27<55:02, 10.16s/it] 19%|█▉        | 76/400 [12:37<54:53, 10.16s/it] 19%|█▉        | 77/400 [12:47<54:15, 10.08s/it] 20%|█▉        | 78/400 [12:57<53:02,  9.88s/it] 20%|█▉        | 79/400 [13:07<53:05,  9.92s/it] 20%|██        | 80/400 [13:17<52:55,  9.92s/it] 20%|██        | 81/400 [13:27<52:45,  9.92s/it] 20%|██        | 82/400 [13:36<52:33,  9.92s/it] 21%|██        | 83/400 [13:47<52:50, 10.00s/it] 21%|██        | 84/400 [13:57<52:25,  9.95s/it] 21%|██▏       | 85/400 [14:06<52:09,  9.94s/it] 22%|██▏       | 86/400 [14:16<51:05,  9.76s/it] 22%|██▏       | 87/400 [14:26<51:43,  9.92s/it] 22%|██▏       | 88/400 [14:36<52:22, 10.07s/it] 22%|██▏       | 89/400 [14:47<52:26, 10.12s/it] 22%|██▎       | 90/400 [14:57<51:53, 10.04s/it] 23%|██▎       | 91/400 [15:07<51:34, 10.02s/it] 23%|██▎       | 92/400 [15:16<50:25,  9.82s/it] 23%|██▎       | 93/400 [15:26<50:13,  9.82s/it] 24%|██▎       | 94/400 [15:35<49:13,  9.65s/it] 24%|██▍       | 95/400 [15:45<49:24,  9.72s/it] 24%|██▍       | 96/400 [15:55<49:45,  9.82s/it] 24%|██▍       | 97/400 [16:04<49:14,  9.75s/it] 24%|██▍       | 98/400 [16:14<49:10,  9.77s/it] 25%|██▍       | 99/400 [16:24<49:25,  9.85s/it] 25%|██▌       | 100/400 [16:34<48:54,  9.78s/it] 25%|██▌       | 101/400 [16:44<48:42,  9.77s/it] 26%|██▌       | 102/400 [16:54<48:44,  9.81s/it] 26%|██▌       | 103/400 [17:03<48:17,  9.75s/it] 26%|██▌       | 104/400 [17:13<48:36,  9.85s/it] 26%|██▋       | 105/400 [17:23<48:44,  9.91s/it] 26%|██▋       | 106/400 [17:34<48:57,  9.99s/it] 27%|██▋       | 107/400 [17:43<48:10,  9.86s/it] 27%|██▋       | 108/400 [17:53<47:45,  9.81s/it] 27%|██▋       | 109/400 [18:02<47:22,  9.77s/it] 28%|██▊       | 110/400 [18:12<46:32,  9.63s/it] 28%|██▊       | 111/400 [18:22<47:07,  9.78s/it] 28%|██▊       | 112/400 [18:31<46:07,  9.61s/it] 28%|██▊       | 113/400 [18:41<45:57,  9.61s/it] 28%|██▊       | 114/400 [18:51<46:09,  9.68s/it] 29%|██▉       | 115/400 [19:00<45:52,  9.66s/it] 29%|██▉       | 116/400 [19:10<45:36,  9.63s/it] 29%|██▉       | 117/400 [19:19<45:26,  9.63s/it] 30%|██▉       | 118/400 [19:29<45:10,  9.61s/it] 30%|██▉       | 119/400 [19:39<45:25,  9.70s/it] 30%|███       | 120/400 [19:49<45:34,  9.77s/it] 30%|███       | 121/400 [19:58<45:00,  9.68s/it] 30%|███       | 122/400 [20:08<44:26,  9.59s/it] 31%|███       | 123/400 [20:18<45:13,  9.80s/it] 31%|███       | 124/400 [20:28<44:47,  9.74s/it] 31%|███▏      | 125/400 [20:37<44:08,  9.63s/it] 32%|███▏      | 126/400 [20:46<43:45,  9.58s/it] 32%|███▏      | 127/400 [20:56<43:01,  9.46s/it] 32%|███▏      | 128/400 [21:06<44:20,  9.78s/it] 32%|███▏      | 129/400 [21:15<43:11,  9.56s/it] 32%|███▎      | 130/400 [21:24<42:40,  9.48s/it] 33%|███▎      | 131/400 [21:34<42:44,  9.53s/it] 33%|███▎      | 132/400 [21:44<42:44,  9.57s/it] 33%|███▎      | 133/400 [21:53<42:46,  9.61s/it] 34%|███▎      | 134/400 [22:03<42:35,  9.61s/it] 34%|███▍      | 135/400 [22:13<42:15,  9.57s/it] 34%|███▍      | 136/400 [22:23<42:41,  9.70s/it] 34%|███▍      | 137/400 [22:33<43:04,  9.83s/it] 34%|███▍      | 138/400 [22:42<42:21,  9.70s/it] 35%|███▍      | 139/400 [22:52<42:30,  9.77s/it] 35%|███▌      | 140/400 [23:02<42:24,  9.78s/it] 35%|███▌      | 141/400 [23:11<41:22,  9.59s/it] 36%|███▌      | 142/400 [23:21<42:11,  9.81s/it] 36%|███▌      | 143/400 [23:31<41:31,  9.69s/it] 36%|███▌      | 144/400 [23:41<41:47,  9.80s/it] 36%|███▋      | 145/400 [23:50<41:15,  9.71s/it] 36%|███▋      | 146/400 [24:00<41:46,  9.87s/it] 37%|███▋      | 147/400 [24:10<40:53,  9.70s/it] 37%|███▋      | 148/400 [24:19<39:59,  9.52s/it] 37%|███▋      | 149/400 [24:28<39:16,  9.39s/it] 38%|███▊      | 150/400 [24:38<39:34,  9.50s/it] 38%|███▊      | 151/400 [24:47<39:32,  9.53s/it] 38%|███▊      | 152/400 [24:57<39:05,  9.46s/it] 38%|███▊      | 153/400 [25:06<38:35,  9.38s/it] 38%|███▊      | 154/400 [25:15<38:01,  9.28s/it] 39%|███▉      | 155/400 [25:25<38:58,  9.55s/it] 39%|███▉      | 156/400 [25:35<39:34,  9.73s/it] 39%|███▉      | 157/400 [25:44<38:36,  9.53s/it] 40%|███▉      | 158/400 [25:53<38:02,  9.43s/it] 40%|███▉      | 159/400 [26:03<37:31,  9.34s/it] 40%|████      | 160/400 [26:12<37:30,  9.38s/it] 40%|████      | 161/400 [26:21<37:04,  9.31s/it] 40%|████      | 162/400 [26:31<37:25,  9.44s/it] 41%|████      | 163/400 [26:40<37:01,  9.37s/it] 41%|████      | 164/400 [26:49<36:24,  9.26s/it] 41%|████▏     | 165/400 [26:58<36:11,  9.24s/it] 42%|████▏     | 166/400 [27:07<35:48,  9.18s/it] 42%|████▏     | 167/400 [27:16<35:14,  9.08s/it] 42%|████▏     | 168/400 [27:26<35:20,  9.14s/it] 42%|████▏     | 169/400 [27:35<35:20,  9.18s/it] 42%|████▎     | 170/400 [27:45<36:07,  9.42s/it] 43%|████▎     | 171/400 [27:54<35:46,  9.38s/it] 43%|████▎     | 172/400 [28:04<35:52,  9.44s/it] 43%|████▎     | 173/400 [28:14<36:26,  9.63s/it] 44%|████▎     | 174/400 [28:23<36:08,  9.60s/it] 44%|████▍     | 175/400 [28:33<35:54,  9.58s/it] 44%|████▍     | 176/400 [28:42<35:24,  9.48s/it] 44%|████▍     | 177/400 [28:52<35:23,  9.52s/it] 44%|████▍     | 178/400 [29:02<36:33,  9.88s/it] 45%|████▍     | 179/400 [29:12<35:59,  9.77s/it] 45%|████▌     | 180/400 [29:21<35:15,  9.61s/it] 45%|████▌     | 181/400 [29:30<34:50,  9.54s/it] 46%|████▌     | 182/400 [29:40<34:11,  9.41s/it] 46%|████▌     | 183/400 [29:48<32:54,  9.10s/it] 46%|████▌     | 184/400 [29:58<33:17,  9.25s/it] 46%|████▋     | 185/400 [30:07<33:10,  9.26s/it] 46%|████▋     | 186/400 [30:16<33:09,  9.30s/it] 47%|████▋     | 187/400 [30:25<32:42,  9.21s/it] 47%|████▋     | 188/400 [30:35<32:39,  9.24s/it] 47%|████▋     | 189/400 [30:44<33:00,  9.39s/it] 48%|████▊     | 190/400 [30:53<32:04,  9.17s/it] 48%|████▊     | 191/400 [31:02<32:12,  9.25s/it] 48%|████▊     | 192/400 [31:12<32:11,  9.29s/it] 48%|████▊     | 193/400 [31:21<32:03,  9.29s/it] 48%|████▊     | 194/400 [31:30<31:23,  9.14s/it] 49%|████▉     | 195/400 [31:43<34:54, 10.22s/it] 49%|████▉     | 196/400 [31:52<34:15, 10.08s/it] 49%|████▉     | 197/400 [32:03<34:56, 10.33s/it] 50%|████▉     | 198/400 [32:12<33:38,  9.99s/it] 50%|████▉     | 199/400 [32:21<32:09,  9.60s/it] 50%|█████     | 200/400 [32:31<32:04,  9.62s/it] 50%|█████     | 201/400 [32:40<31:53,  9.62s/it] 50%|█████     | 202/400 [32:50<31:31,  9.55s/it] 51%|█████     | 203/400 [32:59<30:43,  9.36s/it] 51%|█████     | 204/400 [33:08<30:23,  9.30s/it] 51%|█████▏    | 205/400 [33:17<29:36,  9.11s/it] 52%|█████▏    | 206/400 [33:26<29:38,  9.17s/it] 52%|█████▏    | 207/400 [33:35<29:48,  9.27s/it] 52%|█████▏    | 208/400 [33:44<29:08,  9.11s/it] 52%|█████▏    | 209/400 [33:54<29:22,  9.23s/it] 52%|█████▎    | 210/400 [34:03<29:04,  9.18s/it] 53%|█████▎    | 211/400 [34:11<28:19,  8.99s/it] 53%|█████▎    | 212/400 [34:21<28:29,  9.10s/it] 53%|█████▎    | 213/400 [34:29<27:53,  8.95s/it] 54%|█████▎    | 214/400 [34:41<30:12,  9.74s/it] 54%|█████▍    | 215/400 [34:52<31:17, 10.15s/it] 54%|█████▍    | 216/400 [35:00<29:43,  9.69s/it] 54%|█████▍    | 217/400 [35:10<29:20,  9.62s/it] 55%|█████▍    | 218/400 [35:19<28:52,  9.52s/it] 55%|█████▍    | 219/400 [35:28<28:14,  9.36s/it] 55%|█████▌    | 220/400 [35:38<28:09,  9.38s/it] 55%|█████▌    | 221/400 [35:47<27:44,  9.30s/it] 56%|█████▌    | 222/400 [35:57<28:06,  9.47s/it] 56%|█████▌    | 223/400 [36:06<27:54,  9.46s/it] 56%|█████▌    | 224/400 [36:15<27:35,  9.40s/it] 56%|█████▋    | 225/400 [36:24<27:02,  9.27s/it] 56%|█████▋    | 226/400 [36:33<26:39,  9.20s/it] 57%|█████▋    | 227/400 [36:43<27:01,  9.37s/it] 57%|█████▋    | 228/400 [36:52<26:39,  9.30s/it] 57%|█████▋    | 229/400 [37:02<26:50,  9.42s/it] 57%|█████▊    | 230/400 [37:11<26:32,  9.36s/it] 58%|█████▊    | 231/400 [37:21<26:29,  9.40s/it] 58%|█████▊    | 232/400 [37:30<26:23,  9.43s/it] 58%|█████▊    | 233/400 [37:39<26:10,  9.41s/it] 58%|█████▊    | 234/400 [37:49<25:45,  9.31s/it] 59%|█████▉    | 235/400 [37:57<25:10,  9.15s/it] 59%|█████▉    | 236/400 [38:06<24:47,  9.07s/it] 59%|█████▉    | 237/400 [38:15<24:39,  9.08s/it] 60%|█████▉    | 238/400 [38:24<24:27,  9.06s/it] 60%|█████▉    | 239/400 [38:34<24:29,  9.13s/it] 60%|██████    | 240/400 [38:42<24:06,  9.04s/it] 60%|██████    | 241/400 [38:51<23:40,  8.94s/it] 60%|██████    | 242/400 [39:01<24:05,  9.15s/it] 61%|██████    | 243/400 [39:10<24:18,  9.29s/it] 61%|██████    | 244/400 [39:20<24:00,  9.23s/it] 61%|██████▏   | 245/400 [39:29<23:40,  9.16s/it] 62%|██████▏   | 246/400 [39:38<23:57,  9.33s/it] 62%|██████▏   | 247/400 [39:48<23:59,  9.41s/it] 62%|██████▏   | 248/400 [39:57<23:36,  9.32s/it] 62%|██████▏   | 249/400 [40:06<23:28,  9.33s/it] 62%|██████▎   | 250/400 [40:16<23:17,  9.31s/it] 63%|██████▎   | 251/400 [40:26<23:37,  9.52s/it] 63%|██████▎   | 252/400 [40:35<23:40,  9.60s/it] 63%|██████▎   | 253/400 [40:45<23:17,  9.51s/it] 64%|██████▎   | 254/400 [40:54<22:45,  9.35s/it] 64%|██████▍   | 255/400 [41:03<22:52,  9.47s/it] 64%|██████▍   | 256/400 [41:13<22:39,  9.44s/it] 64%|██████▍   | 257/400 [41:22<22:18,  9.36s/it] 64%|██████▍   | 258/400 [41:31<22:05,  9.34s/it] 65%|██████▍   | 259/400 [41:41<22:07,  9.42s/it] 65%|██████▌   | 260/400 [41:51<22:17,  9.55s/it] 65%|██████▌   | 261/400 [42:00<22:09,  9.57s/it] 66%|██████▌   | 262/400 [42:09<21:45,  9.46s/it] 66%|██████▌   | 263/400 [42:18<21:11,  9.28s/it] 66%|██████▌   | 264/400 [42:28<21:16,  9.39s/it] 66%|██████▋   | 265/400 [42:37<21:03,  9.36s/it] 66%|██████▋   | 266/400 [42:46<20:30,  9.19s/it] 67%|██████▋   | 267/400 [42:56<20:34,  9.28s/it] 67%|██████▋   | 268/400 [43:05<20:20,  9.25s/it] 67%|██████▋   | 269/400 [43:15<20:32,  9.41s/it] 68%|██████▊   | 270/400 [43:24<20:44,  9.58s/it] 68%|██████▊   | 271/400 [43:33<20:09,  9.38s/it] 68%|██████▊   | 272/400 [43:43<19:56,  9.34s/it] 68%|██████▊   | 273/400 [43:53<20:17,  9.59s/it] 68%|██████▊   | 274/400 [44:02<20:01,  9.54s/it] 69%|██████▉   | 275/400 [44:11<19:38,  9.43s/it] 69%|██████▉   | 276/400 [44:20<19:03,  9.22s/it] 69%|██████▉   | 277/400 [44:29<18:54,  9.23s/it] 70%|██████▉   | 278/400 [44:39<18:54,  9.30s/it] 70%|██████▉   | 279/400 [44:48<18:40,  9.26s/it] 70%|███████   | 280/400 [44:57<18:12,  9.10s/it] 70%|███████   | 281/400 [45:06<18:11,  9.17s/it] 70%|███████   | 282/400 [45:15<17:39,  8.98s/it] 71%|███████   | 283/400 [45:23<17:15,  8.85s/it] 71%|███████   | 284/400 [45:33<17:40,  9.14s/it] 71%|███████▏  | 285/400 [45:43<18:16,  9.54s/it] 72%|███████▏  | 286/400 [45:53<18:03,  9.51s/it] 72%|███████▏  | 287/400 [46:02<17:41,  9.39s/it] 72%|███████▏  | 288/400 [46:11<17:19,  9.29s/it] 72%|███████▏  | 289/400 [46:20<16:55,  9.15s/it] 72%|███████▎  | 290/400 [46:29<16:59,  9.27s/it] 73%|███████▎  | 291/400 [46:38<16:40,  9.18s/it] 73%|███████▎  | 292/400 [46:48<16:30,  9.17s/it] 73%|███████▎  | 293/400 [46:57<16:18,  9.15s/it] 74%|███████▎  | 294/400 [47:06<16:14,  9.19s/it] 74%|███████▍  | 295/400 [47:15<16:11,  9.25s/it] 74%|███████▍  | 296/400 [47:24<15:55,  9.18s/it] 74%|███████▍  | 297/400 [47:34<16:13,  9.45s/it] 74%|███████▍  | 298/400 [47:43<15:36,  9.18s/it] 75%|███████▍  | 299/400 [47:52<15:36,  9.28s/it] 75%|███████▌  | 300/400 [48:02<15:28,  9.28s/it] 75%|███████▌  | 301/400 [48:11<15:30,  9.40s/it] 76%|███████▌  | 302/400 [48:21<15:22,  9.42s/it] 76%|███████▌  | 303/400 [48:30<15:08,  9.36s/it] 76%|███████▌  | 304/400 [48:39<14:49,  9.26s/it] 76%|███████▋  | 305/400 [48:48<14:26,  9.12s/it] 76%|███████▋  | 306/400 [48:57<14:12,  9.07s/it] 77%|███████▋  | 307/400 [49:06<14:00,  9.03s/it] 77%|███████▋  | 308/400 [49:15<13:59,  9.12s/it] 77%|███████▋  | 309/400 [49:24<13:46,  9.08s/it] 78%|███████▊  | 310/400 [49:33<13:34,  9.05s/it] 78%|███████▊  | 311/400 [49:43<13:52,  9.35s/it] 78%|███████▊  | 312/400 [49:52<13:41,  9.33s/it] 78%|███████▊  | 313/400 [50:01<13:23,  9.23s/it] 78%|███████▊  | 314/400 [50:11<13:09,  9.19s/it] 79%|███████▉  | 315/400 [50:20<13:04,  9.24s/it] 79%|███████▉  | 316/400 [50:29<12:40,  9.05s/it] 79%|███████▉  | 317/400 [50:38<12:53,  9.32s/it] 80%|███████▉  | 318/400 [50:48<12:43,  9.31s/it] 80%|███████▉  | 319/400 [50:57<12:25,  9.21s/it] 80%|████████  | 320/400 [51:06<12:26,  9.33s/it] 80%|████████  | 321/400 [51:16<12:19,  9.36s/it] 80%|████████  | 322/400 [51:25<12:08,  9.35s/it] 81%|████████  | 323/400 [51:33<11:35,  9.03s/it] 81%|████████  | 324/400 [51:42<11:18,  8.93s/it] 81%|████████▏ | 325/400 [51:51<11:07,  8.90s/it] 82%|████████▏ | 326/400 [52:00<11:09,  9.04s/it] 82%|████████▏ | 327/400 [52:09<11:03,  9.09s/it] 82%|████████▏ | 328/400 [52:19<11:00,  9.17s/it] 82%|████████▏ | 329/400 [52:28<10:54,  9.22s/it] 82%|████████▎ | 330/400 [52:37<10:36,  9.09s/it] 83%|████████▎ | 331/400 [52:46<10:33,  9.18s/it] 83%|████████▎ | 332/400 [52:56<10:37,  9.38s/it] 83%|████████▎ | 333/400 [53:06<10:29,  9.39s/it] 84%|████████▎ | 334/400 [53:15<10:13,  9.30s/it] 84%|████████▍ | 335/400 [53:24<10:10,  9.40s/it] 84%|████████▍ | 336/400 [53:34<09:59,  9.37s/it] 84%|████████▍ | 337/400 [53:43<09:44,  9.28s/it] 84%|████████▍ | 338/400 [53:52<09:33,  9.25s/it] 85%|████████▍ | 339/400 [54:01<09:29,  9.34s/it] 85%|████████▌ | 340/400 [54:10<09:14,  9.24s/it] 85%|████████▌ | 341/400 [54:20<09:09,  9.32s/it] 86%|████████▌ | 342/400 [54:29<08:58,  9.29s/it] 86%|████████▌ | 343/400 [54:38<08:49,  9.28s/it] 86%|████████▌ | 344/400 [54:48<08:36,  9.22s/it] 86%|████████▋ | 345/400 [54:58<08:39,  9.45s/it] 86%|████████▋ | 346/400 [55:06<08:22,  9.30s/it] 87%|████████▋ | 347/400 [55:15<08:06,  9.18s/it] 87%|████████▋ | 348/400 [55:25<08:00,  9.24s/it] 87%|████████▋ | 349/400 [55:34<07:52,  9.27s/it] 88%|████████▊ | 350/400 [55:43<07:37,  9.14s/it] 88%|████████▊ | 351/400 [55:52<07:22,  9.03s/it] 88%|████████▊ | 352/400 [56:00<07:06,  8.89s/it] 88%|████████▊ | 353/400 [56:10<07:06,  9.07s/it] 88%|████████▊ | 354/400 [56:18<06:52,  8.97s/it] 89%|████████▉ | 355/400 [56:28<06:47,  9.05s/it] 89%|████████▉ | 356/400 [56:37<06:47,  9.26s/it] 89%|████████▉ | 357/400 [56:46<06:34,  9.18s/it] 90%|████████▉ | 358/400 [56:56<06:29,  9.27s/it] 90%|████████▉ | 359/400 [57:05<06:18,  9.22s/it] 90%|█████████ | 360/400 [57:15<06:12,  9.31s/it] 90%|█████████ | 361/400 [57:23<05:56,  9.15s/it] 90%|█████████ | 362/400 [57:33<05:50,  9.23s/it] 91%|█████████ | 363/400 [57:42<05:43,  9.27s/it] 91%|█████████ | 364/400 [57:52<05:40,  9.46s/it] 91%|█████████▏| 365/400 [58:02<05:31,  9.47s/it] 92%|█████████▏| 366/400 [58:12<05:28,  9.65s/it] 92%|█████████▏| 367/400 [58:20<05:10,  9.41s/it] 92%|█████████▏| 368/400 [58:30<04:58,  9.32s/it] 92%|█████████▏| 369/400 [58:39<04:46,  9.24s/it] 92%|█████████▎| 370/400 [58:48<04:37,  9.25s/it] 93%|█████████▎| 371/400 [58:57<04:23,  9.09s/it] 93%|█████████▎| 372/400 [59:06<04:18,  9.25s/it] 93%|█████████▎| 373/400 [59:16<04:13,  9.39s/it] 94%|█████████▎| 374/400 [59:25<04:00,  9.25s/it] 94%|█████████▍| 375/400 [59:33<03:45,  9.00s/it] 94%|█████████▍| 376/400 [59:42<03:35,  8.96s/it] 94%|█████████▍| 377/400 [59:51<03:26,  8.97s/it] 94%|█████████▍| 378/400 [1:00:00<03:16,  8.93s/it] 95%|█████████▍| 379/400 [1:00:08<03:04,  8.79s/it] 95%|█████████▌| 380/400 [1:00:18<02:57,  8.88s/it] 95%|█████████▌| 381/400 [1:00:27<02:52,  9.05s/it] 96%|█████████▌| 382/400 [1:00:36<02:42,  9.02s/it] 96%|█████████▌| 383/400 [1:00:45<02:35,  9.15s/it] 96%|█████████▌| 384/400 [1:00:54<02:25,  9.07s/it] 96%|█████████▋| 385/400 [1:01:03<02:13,  8.87s/it] 96%|█████████▋| 386/400 [1:01:12<02:06,  9.05s/it] 97%|█████████▋| 387/400 [1:01:21<01:58,  9.13s/it] 97%|█████████▋| 388/400 [1:01:30<01:47,  8.92s/it] 97%|█████████▋| 389/400 [1:01:40<01:40,  9.17s/it] 98%|█████████▊| 390/400 [1:01:49<01:32,  9.27s/it] 98%|█████████▊| 391/400 [1:01:59<01:23,  9.33s/it] 98%|█████████▊| 392/400 [1:02:08<01:15,  9.44s/it] 98%|█████████▊| 393/400 [1:02:17<01:05,  9.32s/it] 98%|█████████▊| 394/400 [1:02:26<00:54,  9.11s/it] 99%|█████████▉| 395/400 [1:02:35<00:45,  9.16s/it] 99%|█████████▉| 396/400 [1:02:44<00:36,  9.02s/it] 99%|█████████▉| 397/400 [1:02:53<00:27,  9.11s/it]100%|█████████▉| 398/400 [1:03:03<00:18,  9.21s/it]100%|█████████▉| 399/400 [1:03:12<00:09,  9.12s/it]100%|██████████| 400/400 [1:03:20<00:00,  9.05s/it]100%|██████████| 400/400 [1:03:20<00:00,  9.50s/it]
  0%|          | 0/400 [00:00<?, ?it/s]  0%|          | 1/400 [00:09<1:03:36,  9.56s/it]  0%|          | 2/400 [00:19<1:04:04,  9.66s/it]  1%|          | 3/400 [00:29<1:05:30,  9.90s/it]  1%|          | 4/400 [00:39<1:04:51,  9.83s/it]  1%|▏         | 5/400 [00:48<1:03:32,  9.65s/it]  2%|▏         | 6/400 [00:58<1:03:28,  9.67s/it]  2%|▏         | 7/400 [01:08<1:03:17,  9.66s/it]  2%|▏         | 8/400 [01:16<1:01:07,  9.36s/it]  2%|▏         | 9/400 [01:26<1:00:43,  9.32s/it]  2%|▎         | 10/400 [01:36<1:02:02,  9.54s/it]  3%|▎         | 11/400 [01:45<1:01:04,  9.42s/it]  3%|▎         | 12/400 [01:54<1:01:32,  9.52s/it]  3%|▎         | 13/400 [02:04<1:01:26,  9.53s/it]  4%|▎         | 14/400 [02:13<59:40,  9.28s/it]    4%|▍         | 15/400 [02:21<58:23,  9.10s/it]  4%|▍         | 16/400 [02:32<1:00:12,  9.41s/it]  4%|▍         | 17/400 [02:41<59:51,  9.38s/it]    4%|▍         | 18/400 [02:50<59:01,  9.27s/it]  5%|▍         | 19/400 [02:59<58:58,  9.29s/it]  5%|▌         | 20/400 [03:08<57:11,  9.03s/it]  5%|▌         | 21/400 [03:17<57:44,  9.14s/it]  6%|▌         | 22/400 [03:26<58:07,  9.23s/it]  6%|▌         | 23/400 [03:36<58:14,  9.27s/it]  6%|▌         | 24/400 [03:45<57:54,  9.24s/it]  6%|▋         | 25/400 [03:55<58:33,  9.37s/it]  6%|▋         | 26/400 [04:04<58:39,  9.41s/it]  7%|▋         | 27/400 [04:13<57:20,  9.22s/it]  7%|▋         | 28/400 [04:22<57:27,  9.27s/it]  7%|▋         | 29/400 [04:32<57:56,  9.37s/it]  8%|▊         | 30/400 [04:41<57:18,  9.29s/it]  8%|▊         | 31/400 [04:50<57:04,  9.28s/it]  8%|▊         | 32/400 [05:01<58:38,  9.56s/it]  8%|▊         | 33/400 [05:09<57:22,  9.38s/it]  8%|▊         | 34/400 [05:18<56:19,  9.23s/it]  9%|▉         | 35/400 [05:27<55:38,  9.15s/it]  9%|▉         | 36/400 [05:37<55:48,  9.20s/it]  9%|▉         | 37/400 [05:47<57:33,  9.51s/it] 10%|▉         | 38/400 [05:56<56:30,  9.37s/it] 10%|▉         | 39/400 [06:05<55:32,  9.23s/it] 10%|█         | 40/400 [06:14<55:03,  9.18s/it] 10%|█         | 41/400 [06:23<55:36,  9.29s/it] 10%|█         | 42/400 [06:34<56:57,  9.55s/it] 11%|█         | 43/400 [06:42<55:01,  9.25s/it] 11%|█         | 44/400 [06:51<54:19,  9.15s/it] 11%|█▏        | 45/400 [07:00<54:17,  9.18s/it] 12%|█▏        | 46/400 [07:10<54:48,  9.29s/it] 12%|█▏        | 47/400 [07:20<55:36,  9.45s/it] 12%|█▏        | 48/400 [07:28<54:12,  9.24s/it] 12%|█▏        | 49/400 [07:37<53:17,  9.11s/it] 12%|█▎        | 50/400 [07:47<54:03,  9.27s/it] 13%|█▎        | 51/400 [07:57<54:54,  9.44s/it] 13%|█▎        | 52/400 [08:06<54:21,  9.37s/it] 13%|█▎        | 53/400 [08:15<53:15,  9.21s/it] 14%|█▎        | 54/400 [08:24<52:30,  9.10s/it] 14%|█▍        | 55/400 [08:32<51:28,  8.95s/it] 14%|█▍        | 56/400 [08:42<52:06,  9.09s/it] 14%|█▍        | 57/400 [08:50<50:55,  8.91s/it] 14%|█▍        | 58/400 [08:59<50:15,  8.82s/it] 15%|█▍        | 59/400 [09:09<51:58,  9.15s/it] 15%|█▌        | 60/400 [09:18<51:33,  9.10s/it] 15%|█▌        | 61/400 [09:27<52:06,  9.22s/it] 16%|█▌        | 62/400 [09:36<51:54,  9.22s/it] 16%|█▌        | 63/400 [09:46<51:59,  9.26s/it] 16%|█▌        | 64/400 [09:54<51:02,  9.12s/it] 16%|█▋        | 65/400 [10:03<50:26,  9.04s/it] 16%|█▋        | 66/400 [10:12<50:26,  9.06s/it] 17%|█▋        | 67/400 [10:21<49:30,  8.92s/it] 17%|█▋        | 68/400 [10:31<50:45,  9.17s/it] 17%|█▋        | 69/400 [10:40<50:53,  9.22s/it] 18%|█▊        | 70/400 [10:49<50:46,  9.23s/it] 18%|█▊        | 71/400 [10:59<51:10,  9.33s/it] 18%|█▊        | 72/400 [11:08<50:58,  9.32s/it] 18%|█▊        | 73/400 [11:18<50:47,  9.32s/it] 18%|█▊        | 74/400 [11:26<49:57,  9.19s/it] 19%|█▉        | 75/400 [11:36<50:05,  9.25s/it] 19%|█▉        | 76/400 [11:45<50:22,  9.33s/it] 19%|█▉        | 77/400 [11:55<50:51,  9.45s/it] 20%|█▉        | 78/400 [12:04<49:42,  9.26s/it] 20%|█▉        | 79/400 [12:13<48:55,  9.14s/it] 20%|██        | 80/400 [12:22<49:17,  9.24s/it] 20%|██        | 81/400 [12:33<51:19,  9.65s/it] 20%|██        | 82/400 [12:42<51:04,  9.64s/it] 21%|██        | 83/400 [12:52<50:29,  9.56s/it] 21%|██        | 84/400 [13:01<49:04,  9.32s/it] 21%|██▏       | 85/400 [13:10<49:19,  9.40s/it] 22%|██▏       | 86/400 [13:19<48:09,  9.20s/it] 22%|██▏       | 87/400 [13:28<47:38,  9.13s/it] 22%|██▏       | 88/400 [13:37<47:02,  9.05s/it] 22%|██▏       | 89/400 [13:46<46:59,  9.06s/it] 22%|██▎       | 90/400 [13:55<46:36,  9.02s/it] 23%|██▎       | 91/400 [14:04<46:19,  9.00s/it] 23%|██▎       | 92/400 [14:13<46:33,  9.07s/it] 23%|██▎       | 93/400 [14:22<46:16,  9.04s/it] 24%|██▎       | 94/400 [14:31<46:41,  9.15s/it] 24%|██▍       | 95/400 [14:41<47:07,  9.27s/it] 24%|██▍       | 96/400 [14:50<46:48,  9.24s/it] 24%|██▍       | 97/400 [15:00<47:27,  9.40s/it] 24%|██▍       | 98/400 [15:09<46:16,  9.19s/it] 25%|██▍       | 99/400 [15:18<46:07,  9.19s/it] 25%|██▌       | 100/400 [15:27<46:34,  9.31s/it] 25%|██▌       | 101/400 [15:36<45:28,  9.13s/it] 26%|██▌       | 102/400 [15:45<44:56,  9.05s/it] 26%|██▌       | 103/400 [15:54<44:48,  9.05s/it] 26%|██▌       | 104/400 [16:02<43:27,  8.81s/it] 26%|██▋       | 105/400 [16:11<43:57,  8.94s/it] 26%|██▋       | 106/400 [16:21<44:03,  8.99s/it] 27%|██▋       | 107/400 [16:29<43:42,  8.95s/it] 27%|██▋       | 108/400 [16:39<44:05,  9.06s/it] 27%|██▋       | 109/400 [16:48<44:08,  9.10s/it] 28%|██▊       | 110/400 [16:57<44:40,  9.24s/it] 28%|██▊       | 111/400 [17:07<44:30,  9.24s/it] 28%|██▊       | 112/400 [17:15<43:35,  9.08s/it] 28%|██▊       | 113/400 [17:25<43:46,  9.15s/it] 28%|██▊       | 114/400 [17:35<45:07,  9.47s/it] 29%|██▉       | 115/400 [17:44<44:44,  9.42s/it] 29%|██▉       | 116/400 [17:54<45:00,  9.51s/it] 29%|██▉       | 117/400 [18:03<43:51,  9.30s/it] 30%|██▉       | 118/400 [18:12<43:37,  9.28s/it] 30%|██▉       | 119/400 [18:21<42:24,  9.06s/it] 30%|███       | 120/400 [18:30<42:59,  9.21s/it] 30%|███       | 121/400 [18:39<42:57,  9.24s/it] 30%|███       | 122/400 [18:49<42:59,  9.28s/it] 31%|███       | 123/400 [18:58<42:08,  9.13s/it] 31%|███       | 124/400 [19:06<41:26,  9.01s/it] 31%|███▏      | 125/400 [19:16<42:04,  9.18s/it] 32%|███▏      | 126/400 [19:25<41:52,  9.17s/it] 32%|███▏      | 127/400 [19:34<41:59,  9.23s/it] 32%|███▏      | 128/400 [19:44<42:03,  9.28s/it] 32%|███▏      | 129/400 [19:53<41:52,  9.27s/it] 32%|███▎      | 130/400 [20:02<41:25,  9.21s/it] 33%|███▎      | 131/400 [20:11<41:07,  9.17s/it] 33%|███▎      | 132/400 [20:21<41:26,  9.28s/it] 33%|███▎      | 133/400 [20:29<40:27,  9.09s/it] 34%|███▎      | 134/400 [20:39<40:54,  9.23s/it] 34%|███▍      | 135/400 [20:48<40:22,  9.14s/it] 34%|███▍      | 136/400 [20:57<39:38,  9.01s/it] 34%|███▍      | 137/400 [21:05<39:13,  8.95s/it] 34%|███▍      | 138/400 [21:14<38:40,  8.86s/it] 35%|███▍      | 139/400 [21:23<38:33,  8.86s/it] 35%|███▌      | 140/400 [21:32<38:56,  8.99s/it] 35%|███▌      | 141/400 [21:41<38:58,  9.03s/it] 36%|███▌      | 142/400 [21:50<38:34,  8.97s/it] 36%|███▌      | 143/400 [21:59<38:39,  9.03s/it] 36%|███▌      | 144/400 [22:09<39:06,  9.17s/it] 36%|███▋      | 145/400 [22:17<38:00,  8.94s/it] 36%|███▋      | 146/400 [22:26<37:56,  8.96s/it] 37%|███▋      | 147/400 [22:35<37:40,  8.94s/it] 37%|███▋      | 148/400 [22:44<38:06,  9.07s/it] 37%|███▋      | 149/400 [22:54<38:50,  9.29s/it] 38%|███▊      | 150/400 [23:03<38:20,  9.20s/it] 38%|███▊      | 151/400 [23:12<38:08,  9.19s/it] 38%|███▊      | 152/400 [23:21<37:35,  9.09s/it] 38%|███▊      | 153/400 [23:30<37:28,  9.10s/it] 38%|███▊      | 154/400 [23:39<36:58,  9.02s/it] 39%|███▉      | 155/400 [23:48<36:37,  8.97s/it] 39%|███▉      | 156/400 [23:58<37:26,  9.21s/it] 39%|███▉      | 157/400 [24:07<37:00,  9.14s/it] 40%|███▉      | 158/400 [24:16<37:04,  9.19s/it] 40%|███▉      | 159/400 [24:25<36:15,  9.03s/it] 40%|████      | 160/400 [24:35<37:07,  9.28s/it] 40%|████      | 161/400 [24:43<36:25,  9.15s/it] 40%|████      | 162/400 [24:52<35:36,  8.98s/it] 41%|████      | 163/400 [25:01<35:57,  9.10s/it] 41%|████      | 164/400 [25:11<36:10,  9.20s/it] 41%|████▏     | 165/400 [25:20<35:28,  9.06s/it] 42%|████▏     | 166/400 [25:28<33:59,  8.71s/it] 42%|████▏     | 167/400 [25:36<33:28,  8.62s/it] 42%|████▏     | 168/400 [25:44<33:06,  8.56s/it] 42%|████▏     | 169/400 [25:53<33:25,  8.68s/it] 42%|████▎     | 170/400 [26:03<34:24,  8.98s/it] 43%|████▎     | 171/400 [26:12<33:58,  8.90s/it] 43%|████▎     | 172/400 [26:20<33:11,  8.73s/it] 43%|████▎     | 173/400 [26:30<34:17,  9.06s/it] 44%|████▎     | 174/400 [26:40<34:54,  9.27s/it] 44%|████▍     | 175/400 [26:48<33:38,  8.97s/it] 44%|████▍     | 176/400 [26:57<33:22,  8.94s/it] 44%|████▍     | 177/400 [27:06<33:20,  8.97s/it] 44%|████▍     | 178/400 [27:15<33:30,  9.06s/it] 45%|████▍     | 179/400 [27:23<32:31,  8.83s/it] 45%|████▌     | 180/400 [27:33<32:43,  8.92s/it] 45%|████▌     | 181/400 [27:41<32:28,  8.90s/it] 46%|████▌     | 182/400 [27:51<32:49,  9.03s/it] 46%|████▌     | 183/400 [27:59<32:04,  8.87s/it] 46%|████▌     | 184/400 [28:08<32:17,  8.97s/it] 46%|████▋     | 185/400 [28:17<31:55,  8.91s/it] 46%|████▋     | 186/400 [28:26<31:22,  8.80s/it] 47%|████▋     | 187/400 [28:35<31:22,  8.84s/it] 47%|████▋     | 188/400 [28:44<31:21,  8.88s/it] 47%|████▋     | 189/400 [28:52<30:55,  8.79s/it] 48%|████▊     | 190/400 [29:01<30:19,  8.66s/it] 48%|████▊     | 191/400 [29:09<29:49,  8.56s/it] 48%|████▊     | 192/400 [29:18<30:23,  8.76s/it] 48%|████▊     | 193/400 [29:27<30:39,  8.89s/it] 48%|████▊     | 194/400 [29:36<30:25,  8.86s/it] 49%|████▉     | 195/400 [29:44<29:37,  8.67s/it] 49%|████▉     | 196/400 [29:54<30:15,  8.90s/it] 49%|████▉     | 197/400 [30:02<29:28,  8.71s/it] 50%|████▉     | 198/400 [30:10<28:51,  8.57s/it] 50%|████▉     | 199/400 [30:19<29:08,  8.70s/it] 50%|█████     | 200/400 [30:28<29:23,  8.82s/it] 50%|█████     | 201/400 [30:37<29:29,  8.89s/it] 50%|█████     | 202/400 [30:46<29:00,  8.79s/it] 51%|█████     | 203/400 [30:54<28:35,  8.71s/it] 51%|█████     | 204/400 [31:04<29:05,  8.90s/it] 51%|█████▏    | 205/400 [31:12<28:33,  8.79s/it] 52%|█████▏    | 206/400 [31:21<27:50,  8.61s/it] 52%|█████▏    | 207/400 [31:29<27:32,  8.56s/it] 52%|█████▏    | 208/400 [31:38<27:45,  8.68s/it] 52%|█████▏    | 209/400 [31:46<27:17,  8.57s/it] 52%|█████▎    | 210/400 [31:55<27:37,  8.72s/it] 53%|█████▎    | 211/400 [32:03<26:44,  8.49s/it] 53%|█████▎    | 212/400 [32:12<26:31,  8.47s/it] 53%|█████▎    | 213/400 [32:20<25:56,  8.32s/it] 54%|█████▎    | 214/400 [32:28<25:57,  8.38s/it] 54%|█████▍    | 215/400 [32:38<26:42,  8.66s/it] 54%|█████▍    | 216/400 [32:46<26:05,  8.51s/it] 54%|█████▍    | 217/400 [32:55<26:31,  8.69s/it] 55%|█████▍    | 218/400 [33:04<26:39,  8.79s/it] 55%|█████▍    | 219/400 [33:13<26:37,  8.82s/it] 55%|█████▌    | 220/400 [33:21<26:05,  8.70s/it] 55%|█████▌    | 221/400 [33:30<26:03,  8.74s/it] 56%|█████▌    | 222/400 [33:38<25:30,  8.60s/it] 56%|█████▌    | 223/400 [33:47<25:36,  8.68s/it] 56%|█████▌    | 224/400 [33:56<25:39,  8.75s/it] 56%|█████▋    | 225/400 [34:05<26:02,  8.93s/it] 56%|█████▋    | 226/400 [34:15<26:09,  9.02s/it] 57%|█████▋    | 227/400 [34:22<24:55,  8.65s/it] 57%|█████▋    | 228/400 [34:31<24:33,  8.57s/it] 57%|█████▋    | 229/400 [34:40<24:51,  8.72s/it] 57%|█████▊    | 230/400 [34:49<24:55,  8.80s/it] 58%|█████▊    | 231/400 [34:57<24:28,  8.69s/it] 58%|█████▊    | 232/400 [35:06<24:06,  8.61s/it] 58%|█████▊    | 233/400 [35:15<24:52,  8.94s/it] 58%|█████▊    | 234/400 [35:25<24:59,  9.03s/it] 59%|█████▉    | 235/400 [35:33<24:29,  8.91s/it] 59%|█████▉    | 236/400 [35:42<24:09,  8.84s/it] 59%|█████▉    | 237/400 [35:51<24:00,  8.84s/it] 60%|█████▉    | 238/400 [35:59<23:16,  8.62s/it] 60%|█████▉    | 239/400 [36:08<23:48,  8.87s/it] 60%|██████    | 240/400 [36:17<23:38,  8.87s/it] 60%|██████    | 241/400 [36:26<23:29,  8.86s/it] 60%|██████    | 242/400 [36:35<23:20,  8.87s/it] 61%|██████    | 243/400 [36:44<23:20,  8.92s/it] 61%|██████    | 244/400 [36:53<23:31,  9.05s/it] 61%|██████▏   | 245/400 [37:02<23:10,  8.97s/it] 62%|██████▏   | 246/400 [37:11<22:50,  8.90s/it] 62%|██████▏   | 247/400 [37:20<22:36,  8.86s/it] 62%|██████▏   | 248/400 [37:28<22:17,  8.80s/it] 62%|██████▏   | 249/400 [37:38<22:47,  9.06s/it] 62%|██████▎   | 250/400 [37:47<22:24,  8.97s/it] 63%|██████▎   | 251/400 [37:56<22:09,  8.92s/it] 63%|██████▎   | 252/400 [38:06<23:01,  9.34s/it] 63%|██████▎   | 253/400 [38:14<22:17,  9.10s/it] 64%|██████▎   | 254/400 [38:24<22:17,  9.16s/it] 64%|██████▍   | 255/400 [38:33<22:17,  9.23s/it] 64%|██████▍   | 256/400 [38:43<22:31,  9.38s/it] 64%|██████▍   | 257/400 [38:51<21:26,  9.00s/it] 64%|██████▍   | 258/400 [39:00<21:34,  9.11s/it] 65%|██████▍   | 259/400 [39:10<21:36,  9.20s/it] 65%|██████▌   | 260/400 [39:19<21:36,  9.26s/it] 65%|██████▌   | 261/400 [39:28<21:02,  9.08s/it] 66%|██████▌   | 262/400 [39:37<20:45,  9.03s/it] 66%|██████▌   | 263/400 [39:46<20:55,  9.16s/it] 66%|██████▌   | 264/400 [39:55<20:41,  9.13s/it] 66%|██████▋   | 265/400 [40:05<20:41,  9.20s/it] 66%|██████▋   | 266/400 [40:13<20:12,  9.05s/it] 67%|██████▋   | 267/400 [40:22<19:55,  8.99s/it] 67%|██████▋   | 268/400 [40:32<20:06,  9.14s/it] 67%|██████▋   | 269/400 [40:41<19:56,  9.14s/it] 68%|██████▊   | 270/400 [40:49<19:10,  8.85s/it] 68%|██████▊   | 271/400 [40:58<19:01,  8.85s/it] 68%|██████▊   | 272/400 [41:06<18:29,  8.67s/it] 68%|██████▊   | 273/400 [41:15<18:27,  8.72s/it] 68%|██████▊   | 274/400 [41:24<18:35,  8.86s/it] 69%|██████▉   | 275/400 [41:32<18:02,  8.66s/it] 69%|██████▉   | 276/400 [41:41<18:02,  8.73s/it] 69%|██████▉   | 277/400 [41:50<17:44,  8.66s/it] 70%|██████▉   | 278/400 [41:58<17:41,  8.70s/it] 70%|██████▉   | 279/400 [42:08<18:14,  9.05s/it] 70%|███████   | 280/400 [42:17<18:03,  9.03s/it] 70%|███████   | 281/400 [42:26<17:41,  8.92s/it] 70%|███████   | 282/400 [42:35<17:46,  9.04s/it] 71%|███████   | 283/400 [42:44<17:44,  9.10s/it] 71%|███████   | 284/400 [42:54<17:46,  9.20s/it] 71%|███████▏  | 285/400 [43:04<18:00,  9.40s/it] 72%|███████▏  | 286/400 [43:12<17:19,  9.12s/it] 72%|███████▏  | 287/400 [43:21<16:56,  9.00s/it] 72%|███████▏  | 288/400 [43:30<16:46,  8.98s/it] 72%|███████▏  | 289/400 [43:39<16:56,  9.15s/it] 72%|███████▎  | 290/400 [43:49<16:52,  9.21s/it] 73%|███████▎  | 291/400 [43:58<16:40,  9.18s/it] 73%|███████▎  | 292/400 [44:07<16:30,  9.18s/it] 73%|███████▎  | 293/400 [44:16<16:00,  8.97s/it] 74%|███████▎  | 294/400 [44:24<15:33,  8.81s/it] 74%|███████▍  | 295/400 [44:33<15:28,  8.85s/it] 74%|███████▍  | 296/400 [44:42<15:17,  8.82s/it] 74%|███████▍  | 297/400 [44:50<14:50,  8.64s/it] 74%|███████▍  | 298/400 [44:59<15:08,  8.91s/it] 75%|███████▍  | 299/400 [45:08<14:56,  8.88s/it] 75%|███████▌  | 300/400 [45:17<14:58,  8.99s/it] 75%|███████▌  | 301/400 [45:27<14:58,  9.08s/it] 76%|███████▌  | 302/400 [45:36<14:44,  9.02s/it] 76%|███████▌  | 303/400 [45:45<14:34,  9.02s/it] 76%|███████▌  | 304/400 [45:53<14:16,  8.93s/it] 76%|███████▋  | 305/400 [46:02<13:58,  8.83s/it] 76%|███████▋  | 306/400 [46:11<13:56,  8.90s/it] 77%|███████▋  | 307/400 [46:21<14:04,  9.08s/it] 77%|███████▋  | 308/400 [46:30<13:53,  9.06s/it] 77%|███████▋  | 309/400 [46:38<13:29,  8.90s/it] 78%|███████▊  | 310/400 [46:47<13:24,  8.94s/it] 78%|███████▊  | 311/400 [46:56<13:15,  8.94s/it] 78%|███████▊  | 312/400 [47:05<13:06,  8.93s/it] 78%|███████▊  | 313/400 [47:14<13:03,  9.00s/it] 78%|███████▊  | 314/400 [47:22<12:35,  8.79s/it] 79%|███████▉  | 315/400 [47:32<12:51,  9.07s/it] 79%|███████▉  | 316/400 [47:41<12:32,  8.96s/it] 79%|███████▉  | 317/400 [47:50<12:20,  8.92s/it] 80%|███████▉  | 318/400 [47:59<12:18,  9.00s/it] 80%|███████▉  | 319/400 [48:08<12:06,  8.97s/it] 80%|████████  | 320/400 [48:16<11:42,  8.78s/it] 80%|████████  | 321/400 [48:25<11:33,  8.77s/it] 80%|████████  | 322/400 [48:34<11:31,  8.86s/it] 81%|████████  | 323/400 [48:43<11:22,  8.87s/it] 81%|████████  | 324/400 [48:52<11:20,  8.95s/it] 81%|████████▏ | 325/400 [49:01<11:09,  8.93s/it] 82%|████████▏ | 326/400 [49:10<10:57,  8.89s/it] 82%|████████▏ | 327/400 [49:18<10:43,  8.82s/it] 82%|████████▏ | 328/400 [49:28<10:49,  9.02s/it] 82%|████████▏ | 329/400 [49:37<10:44,  9.08s/it] 82%|████████▎ | 330/400 [49:46<10:24,  8.92s/it] 83%|████████▎ | 331/400 [49:54<10:08,  8.83s/it] 83%|████████▎ | 332/400 [50:03<10:07,  8.93s/it] 83%|████████▎ | 333/400 [50:12<09:47,  8.77s/it] 84%|████████▎ | 334/400 [50:21<09:39,  8.79s/it] 84%|████████▍ | 335/400 [50:30<09:35,  8.85s/it] 84%|████████▍ | 336/400 [50:39<09:34,  8.97s/it] 84%|████████▍ | 337/400 [50:48<09:26,  8.99s/it] 84%|████████▍ | 338/400 [50:55<08:50,  8.56s/it] 85%|████████▍ | 339/400 [51:04<08:47,  8.65s/it] 85%|████████▌ | 340/400 [51:13<08:44,  8.75s/it] 85%|████████▌ | 341/400 [51:23<08:47,  8.94s/it] 86%|████████▌ | 342/400 [51:30<08:19,  8.61s/it] 86%|████████▌ | 343/400 [51:40<08:20,  8.77s/it] 86%|████████▌ | 344/400 [51:48<08:08,  8.73s/it] 86%|████████▋ | 345/400 [51:57<07:54,  8.63s/it] 86%|████████▋ | 346/400 [52:05<07:49,  8.69s/it] 87%|████████▋ | 347/400 [52:14<07:45,  8.78s/it] 87%|████████▋ | 348/400 [52:23<07:34,  8.75s/it] 87%|████████▋ | 349/400 [52:32<07:30,  8.83s/it] 88%|████████▊ | 350/400 [52:41<07:28,  8.97s/it] 88%|████████▊ | 351/400 [52:50<07:07,  8.72s/it] 88%|████████▊ | 352/400 [52:58<06:55,  8.66s/it] 88%|████████▊ | 353/400 [53:07<06:51,  8.76s/it] 88%|████████▊ | 354/400 [53:16<06:44,  8.80s/it] 89%|████████▉ | 355/400 [53:25<06:39,  8.87s/it] 89%|████████▉ | 356/400 [53:35<06:40,  9.09s/it] 89%|████████▉ | 357/400 [53:44<06:35,  9.20s/it] 90%|████████▉ | 358/400 [53:54<06:32,  9.35s/it] 90%|████████▉ | 359/400 [54:02<06:07,  8.97s/it] 90%|█████████ | 360/400 [54:11<05:59,  8.98s/it] 90%|█████████ | 361/400 [54:19<05:45,  8.86s/it] 90%|█████████ | 362/400 [54:29<05:40,  8.95s/it] 91%|█████████ | 363/400 [54:37<05:28,  8.88s/it] 91%|█████████ | 364/400 [54:46<05:19,  8.89s/it] 91%|█████████▏| 365/400 [54:55<05:14,  8.99s/it] 92%|█████████▏| 366/400 [55:04<05:02,  8.91s/it] 92%|█████████▏| 367/400 [55:12<04:46,  8.69s/it] 92%|█████████▏| 368/400 [55:21<04:40,  8.76s/it] 92%|█████████▏| 369/400 [55:31<04:36,  8.90s/it] 92%|█████████▎| 370/400 [55:40<04:32,  9.08s/it] 93%|█████████▎| 371/400 [55:49<04:18,  8.93s/it] 93%|█████████▎| 372/400 [55:59<04:18,  9.24s/it] 93%|█████████▎| 373/400 [56:08<04:07,  9.17s/it] 94%|█████████▎| 374/400 [56:16<03:55,  9.05s/it] 94%|█████████▍| 375/400 [56:25<03:41,  8.87s/it] 94%|█████████▍| 376/400 [56:33<03:28,  8.67s/it] 94%|█████████▍| 377/400 [56:42<03:20,  8.72s/it] 94%|█████████▍| 378/400 [56:50<03:07,  8.51s/it] 95%|█████████▍| 379/400 [56:58<02:59,  8.53s/it] 95%|█████████▌| 380/400 [57:06<02:46,  8.33s/it] 95%|█████████▌| 381/400 [57:15<02:39,  8.42s/it] 96%|█████████▌| 382/400 [57:24<02:32,  8.49s/it] 96%|█████████▌| 383/400 [57:33<02:29,  8.80s/it] 96%|█████████▌| 384/400 [57:42<02:19,  8.75s/it] 96%|█████████▋| 385/400 [57:50<02:09,  8.60s/it] 96%|█████████▋| 386/400 [58:00<02:04,  8.89s/it] 97%|█████████▋| 387/400 [58:09<01:56,  8.96s/it] 97%|█████████▋| 388/400 [58:16<01:43,  8.59s/it] 97%|█████████▋| 389/400 [58:26<01:37,  8.83s/it] 98%|█████████▊| 390/400 [58:35<01:28,  8.86s/it] 98%|█████████▊| 391/400 [58:43<01:19,  8.78s/it] 98%|█████████▊| 392/400 [58:52<01:10,  8.83s/it] 98%|█████████▊| 393/400 [59:02<01:03,  9.04s/it] 98%|█████████▊| 394/400 [59:11<00:53,  8.97s/it] 99%|█████████▉| 395/400 [59:19<00:44,  8.93s/it] 99%|█████████▉| 396/400 [59:28<00:35,  8.77s/it] 99%|█████████▉| 397/400 [59:36<00:26,  8.70s/it]100%|█████████▉| 398/400 [59:45<00:17,  8.75s/it]100%|█████████▉| 399/400 [59:54<00:08,  8.80s/it]100%|██████████| 400/400 [1:00:03<00:00,  8.80s/it]100%|██████████| 400/400 [1:00:03<00:00,  9.01s/it]
  0%|          | 0/400 [00:00<?, ?it/s]  0%|          | 1/400 [00:09<1:01:48,  9.30s/it]  0%|          | 2/400 [00:17<59:43,  9.00s/it]    1%|          | 3/400 [00:26<58:36,  8.86s/it]  1%|          | 4/400 [00:34<57:53,  8.77s/it]  1%|▏         | 5/400 [00:43<58:33,  8.90s/it]  2%|▏         | 6/400 [00:52<58:13,  8.87s/it]  2%|▏         | 7/400 [01:01<57:58,  8.85s/it]  2%|▏         | 8/400 [01:10<57:20,  8.78s/it]  2%|▏         | 9/400 [01:19<57:28,  8.82s/it]  2%|▎         | 10/400 [01:27<57:34,  8.86s/it]  3%|▎         | 11/400 [01:36<57:22,  8.85s/it]  3%|▎         | 12/400 [01:45<57:29,  8.89s/it]  3%|▎         | 13/400 [01:54<57:44,  8.95s/it]  4%|▎         | 14/400 [02:03<57:47,  8.98s/it]  4%|▍         | 15/400 [02:12<57:13,  8.92s/it]  4%|▍         | 16/400 [02:21<56:11,  8.78s/it]  4%|▍         | 17/400 [02:30<57:07,  8.95s/it]  4%|▍         | 18/400 [02:38<55:32,  8.72s/it]  5%|▍         | 19/400 [02:47<55:29,  8.74s/it]  5%|▌         | 20/400 [02:56<56:21,  8.90s/it]  5%|▌         | 21/400 [03:05<55:00,  8.71s/it]  6%|▌         | 22/400 [03:14<55:46,  8.85s/it]  6%|▌         | 23/400 [03:23<57:06,  9.09s/it]  6%|▌         | 24/400 [03:31<55:08,  8.80s/it]  6%|▋         | 25/400 [03:40<55:01,  8.81s/it]  6%|▋         | 26/400 [03:49<54:15,  8.71s/it]  7%|▋         | 27/400 [03:57<53:42,  8.64s/it]  7%|▋         | 28/400 [04:06<53:33,  8.64s/it]  7%|▋         | 29/400 [04:15<53:49,  8.71s/it]  8%|▊         | 30/400 [04:24<54:04,  8.77s/it]  8%|▊         | 31/400 [04:32<54:01,  8.78s/it]  8%|▊         | 32/400 [04:41<54:05,  8.82s/it]  8%|▊         | 33/400 [04:51<54:39,  8.94s/it]  8%|▊         | 34/400 [05:00<55:44,  9.14s/it]  9%|▉         | 35/400 [05:09<55:44,  9.16s/it]  9%|▉         | 36/400 [05:18<54:53,  9.05s/it]  9%|▉         | 37/400 [05:27<54:15,  8.97s/it] 10%|▉         | 38/400 [05:37<55:09,  9.14s/it] 10%|▉         | 39/400 [05:45<54:39,  9.08s/it] 10%|█         | 40/400 [05:55<54:59,  9.16s/it] 10%|█         | 41/400 [06:03<53:34,  8.95s/it] 10%|█         | 42/400 [06:12<52:44,  8.84s/it] 11%|█         | 43/400 [06:21<53:05,  8.92s/it] 11%|█         | 44/400 [06:31<54:35,  9.20s/it] 11%|█▏        | 45/400 [06:40<53:45,  9.09s/it] 12%|█▏        | 46/400 [06:49<53:39,  9.09s/it] 12%|█▏        | 47/400 [06:57<52:50,  8.98s/it] 12%|█▏        | 48/400 [07:06<52:14,  8.90s/it] 12%|█▏        | 49/400 [07:14<50:32,  8.64s/it] 12%|█▎        | 50/400 [07:23<49:47,  8.54s/it] 13%|█▎        | 51/400 [07:31<49:43,  8.55s/it] 13%|█▎        | 52/400 [07:39<49:18,  8.50s/it] 13%|█▎        | 53/400 [07:48<49:28,  8.55s/it] 14%|█▎        | 54/400 [07:56<48:47,  8.46s/it] 14%|█▍        | 55/400 [08:06<50:11,  8.73s/it] 14%|█▍        | 56/400 [08:15<50:44,  8.85s/it] 14%|█▍        | 57/400 [08:24<50:49,  8.89s/it] 14%|█▍        | 58/400 [08:33<51:19,  9.00s/it] 15%|█▍        | 59/400 [08:42<50:52,  8.95s/it] 15%|█▌        | 60/400 [08:51<50:12,  8.86s/it] 15%|█▌        | 61/400 [09:00<51:04,  9.04s/it] 16%|█▌        | 62/400 [09:09<50:36,  8.98s/it] 16%|█▌        | 63/400 [09:18<50:27,  8.99s/it] 16%|█▌        | 64/400 [09:27<50:32,  9.03s/it] 16%|█▋        | 65/400 [09:36<50:56,  9.12s/it] 16%|█▋        | 66/400 [09:46<50:53,  9.14s/it] 17%|█▋        | 67/400 [09:55<51:12,  9.23s/it] 17%|█▋        | 68/400 [10:03<49:38,  8.97s/it] 17%|█▋        | 69/400 [10:13<49:55,  9.05s/it] 18%|█▊        | 70/400 [10:22<50:51,  9.25s/it] 18%|█▊        | 71/400 [10:30<48:35,  8.86s/it] 18%|█▊        | 72/400 [10:39<48:15,  8.83s/it] 18%|█▊        | 73/400 [10:47<47:00,  8.63s/it] 18%|█▊        | 74/400 [10:56<47:06,  8.67s/it] 19%|█▉        | 75/400 [11:06<48:37,  8.98s/it] 19%|█▉        | 76/400 [11:14<47:49,  8.86s/it] 19%|█▉        | 77/400 [11:23<46:51,  8.71s/it] 20%|█▉        | 78/400 [11:32<47:57,  8.94s/it] 20%|█▉        | 79/400 [11:40<46:25,  8.68s/it] 20%|██        | 80/400 [11:49<46:11,  8.66s/it] 20%|██        | 81/400 [11:57<46:03,  8.66s/it] 20%|██        | 82/400 [12:07<47:11,  8.91s/it] 21%|██        | 83/400 [12:16<47:48,  9.05s/it] 21%|██        | 84/400 [12:25<46:47,  8.88s/it] 21%|██▏       | 85/400 [12:33<45:46,  8.72s/it] 22%|██▏       | 86/400 [12:42<45:46,  8.75s/it] 22%|██▏       | 87/400 [12:51<45:44,  8.77s/it] 22%|██▏       | 88/400 [13:00<45:47,  8.81s/it] 22%|██▏       | 89/400 [13:08<45:27,  8.77s/it] 22%|██▎       | 90/400 [13:17<44:43,  8.66s/it] 23%|██▎       | 91/400 [13:27<46:52,  9.10s/it] 23%|██▎       | 92/400 [13:36<46:40,  9.09s/it] 23%|██▎       | 93/400 [13:44<45:31,  8.90s/it] 24%|██▎       | 94/400 [13:53<44:36,  8.75s/it] 24%|██▍       | 95/400 [14:02<44:50,  8.82s/it] 24%|██▍       | 96/400 [14:11<45:46,  9.04s/it] 24%|██▍       | 97/400 [14:20<45:24,  8.99s/it] 24%|██▍       | 98/400 [14:29<45:26,  9.03s/it] 25%|██▍       | 99/400 [14:38<44:42,  8.91s/it] 25%|██▌       | 100/400 [14:46<44:01,  8.80s/it] 25%|██▌       | 101/400 [14:56<44:39,  8.96s/it] 26%|██▌       | 102/400 [15:05<44:56,  9.05s/it] 26%|██▌       | 103/400 [15:14<44:54,  9.07s/it] 26%|██▌       | 104/400 [15:23<44:52,  9.10s/it] 26%|██▋       | 105/400 [15:32<44:47,  9.11s/it] 26%|██▋       | 106/400 [15:41<43:43,  8.92s/it] 27%|██▋       | 107/400 [15:50<42:59,  8.80s/it] 27%|██▋       | 108/400 [15:58<42:35,  8.75s/it] 27%|██▋       | 109/400 [16:08<43:23,  8.95s/it] 28%|██▊       | 110/400 [16:16<43:01,  8.90s/it] 28%|██▊       | 111/400 [16:26<43:27,  9.02s/it] 28%|██▊       | 112/400 [16:35<44:10,  9.20s/it] 28%|██▊       | 113/400 [16:44<44:00,  9.20s/it] 28%|██▊       | 114/400 [16:53<43:29,  9.12s/it] 29%|██▉       | 115/400 [17:02<42:52,  9.03s/it] 29%|██▉       | 116/400 [17:10<41:36,  8.79s/it] 29%|██▉       | 117/400 [17:20<42:55,  9.10s/it] 30%|██▉       | 118/400 [17:29<42:34,  9.06s/it] 30%|██▉       | 119/400 [17:38<41:22,  8.83s/it] 30%|███       | 120/400 [17:47<42:02,  9.01s/it] 30%|███       | 121/400 [17:55<40:58,  8.81s/it] 30%|███       | 122/400 [18:04<40:13,  8.68s/it] 31%|███       | 123/400 [18:12<39:37,  8.58s/it] 31%|███       | 124/400 [18:21<39:33,  8.60s/it] 31%|███▏      | 125/400 [18:30<40:50,  8.91s/it] 32%|███▏      | 126/400 [18:39<40:21,  8.84s/it] 32%|███▏      | 127/400 [18:49<41:25,  9.11s/it] 32%|███▏      | 128/400 [18:58<41:40,  9.19s/it] 32%|███▏      | 129/400 [19:07<40:54,  9.06s/it] 32%|███▎      | 130/400 [19:15<40:00,  8.89s/it] 33%|███▎      | 131/400 [19:24<39:58,  8.92s/it] 33%|███▎      | 132/400 [19:33<39:48,  8.91s/it] 33%|███▎      | 133/400 [19:41<38:39,  8.69s/it] 34%|███▎      | 134/400 [19:50<38:41,  8.73s/it] 34%|███▍      | 135/400 [19:59<39:04,  8.85s/it] 34%|███▍      | 136/400 [20:08<38:42,  8.80s/it] 34%|███▍      | 137/400 [20:16<37:34,  8.57s/it] 34%|███▍      | 138/400 [20:25<38:25,  8.80s/it] 35%|███▍      | 139/400 [20:34<38:14,  8.79s/it] 35%|███▌      | 140/400 [20:44<38:55,  8.98s/it] 35%|███▌      | 141/400 [20:53<38:46,  8.98s/it] 36%|███▌      | 142/400 [21:02<39:04,  9.09s/it] 36%|███▌      | 143/400 [21:11<38:35,  9.01s/it] 36%|███▌      | 144/400 [21:20<38:12,  8.95s/it] 36%|███▋      | 145/400 [21:28<37:56,  8.93s/it] 36%|███▋      | 146/400 [21:37<37:50,  8.94s/it] 37%|███▋      | 147/400 [21:46<37:31,  8.90s/it] 37%|███▋      | 148/400 [21:55<36:55,  8.79s/it] 37%|███▋      | 149/400 [22:04<37:36,  8.99s/it] 38%|███▊      | 150/400 [22:13<37:17,  8.95s/it] 38%|███▊      | 151/400 [22:23<38:05,  9.18s/it] 38%|███▊      | 152/400 [22:32<37:57,  9.18s/it] 38%|███▊      | 153/400 [22:41<37:25,  9.09s/it] 38%|███▊      | 154/400 [22:50<37:41,  9.19s/it] 39%|███▉      | 155/400 [22:59<36:58,  9.05s/it] 39%|███▉      | 156/400 [23:08<37:05,  9.12s/it] 39%|███▉      | 157/400 [23:17<36:24,  8.99s/it] 40%|███▉      | 158/400 [23:27<36:58,  9.17s/it] 40%|███▉      | 159/400 [23:36<36:51,  9.18s/it] 40%|████      | 160/400 [23:45<36:32,  9.14s/it] 40%|████      | 161/400 [23:54<35:55,  9.02s/it] 40%|████      | 162/400 [24:03<36:34,  9.22s/it] 41%|████      | 163/400 [24:13<37:14,  9.43s/it] 41%|████      | 164/400 [24:21<35:38,  9.06s/it] 41%|████▏     | 165/400 [24:30<35:16,  9.01s/it] 42%|████▏     | 166/400 [24:39<34:55,  8.95s/it] 42%|████▏     | 167/400 [24:49<35:21,  9.10s/it] 42%|████▏     | 168/400 [24:58<35:11,  9.10s/it] 42%|████▏     | 169/400 [25:07<34:53,  9.06s/it] 42%|████▎     | 170/400 [25:16<34:50,  9.09s/it] 43%|████▎     | 171/400 [25:24<34:13,  8.97s/it] 43%|████▎     | 172/400 [25:34<34:16,  9.02s/it] 43%|████▎     | 173/400 [25:43<34:11,  9.04s/it] 44%|████▎     | 174/400 [25:51<33:44,  8.96s/it] 44%|████▍     | 175/400 [26:00<33:17,  8.88s/it] 44%|████▍     | 176/400 [26:08<32:33,  8.72s/it] 44%|████▍     | 177/400 [26:17<32:00,  8.61s/it] 44%|████▍     | 178/400 [26:26<32:19,  8.73s/it] 45%|████▍     | 179/400 [26:35<33:00,  8.96s/it] 45%|████▌     | 180/400 [26:44<32:24,  8.84s/it] 45%|████▌     | 181/400 [26:54<33:16,  9.11s/it] 46%|████▌     | 182/400 [27:03<33:49,  9.31s/it] 46%|████▌     | 183/400 [27:12<33:05,  9.15s/it] 46%|████▌     | 184/400 [27:21<33:02,  9.18s/it] 46%|████▋     | 185/400 [27:30<32:09,  8.97s/it] 46%|████▋     | 186/400 [27:39<32:24,  9.09s/it] 47%|████▋     | 187/400 [27:48<31:36,  8.91s/it] 47%|████▋     | 188/400 [27:56<31:16,  8.85s/it] 47%|████▋     | 189/400 [28:05<30:57,  8.80s/it] 48%|████▊     | 190/400 [28:14<30:32,  8.73s/it] 48%|████▊     | 191/400 [28:23<30:58,  8.89s/it] 48%|████▊     | 192/400 [28:31<30:11,  8.71s/it] 48%|████▊     | 193/400 [28:40<29:41,  8.61s/it] 48%|████▊     | 194/400 [28:48<29:30,  8.60s/it] 49%|████▉     | 195/400 [28:57<29:05,  8.52s/it] 49%|████▉     | 196/400 [29:05<29:12,  8.59s/it] 49%|████▉     | 197/400 [29:14<29:19,  8.67s/it] 50%|████▉     | 198/400 [29:23<29:41,  8.82s/it] 50%|████▉     | 199/400 [29:32<29:25,  8.78s/it] 50%|█████     | 200/400 [29:40<28:45,  8.63s/it] 50%|█████     | 201/400 [29:49<28:52,  8.71s/it] 50%|█████     | 202/400 [29:58<28:26,  8.62s/it] 51%|█████     | 203/400 [30:07<28:41,  8.74s/it] 51%|█████     | 204/400 [30:16<29:30,  9.03s/it] 51%|█████▏    | 205/400 [30:24<28:04,  8.64s/it] 52%|█████▏    | 206/400 [30:32<27:40,  8.56s/it] 52%|█████▏    | 207/400 [30:41<27:05,  8.42s/it] 52%|█████▏    | 208/400 [30:49<27:10,  8.49s/it] 52%|█████▏    | 209/400 [30:57<26:49,  8.43s/it] 52%|█████▎    | 210/400 [31:06<27:08,  8.57s/it] 53%|█████▎    | 211/400 [31:15<27:20,  8.68s/it] 53%|█████▎    | 212/400 [31:23<26:44,  8.53s/it] 53%|█████▎    | 213/400 [31:33<27:11,  8.73s/it] 54%|█████▎    | 214/400 [31:41<26:59,  8.71s/it] 54%|█████▍    | 215/400 [31:49<25:49,  8.38s/it] 54%|█████▍    | 216/400 [31:58<26:38,  8.69s/it] 54%|█████▍    | 217/400 [32:07<26:16,  8.61s/it] 55%|█████▍    | 218/400 [32:16<26:57,  8.89s/it] 55%|█████▍    | 219/400 [32:25<26:43,  8.86s/it] 55%|█████▌    | 220/400 [32:34<27:02,  9.01s/it] 55%|█████▌    | 221/400 [32:43<26:14,  8.80s/it] 56%|█████▌    | 222/400 [32:51<25:33,  8.61s/it] 56%|█████▌    | 223/400 [32:59<24:56,  8.45s/it] 56%|█████▌    | 224/400 [33:08<24:52,  8.48s/it] 56%|█████▋    | 225/400 [33:17<25:16,  8.67s/it] 56%|█████▋    | 226/400 [33:26<25:57,  8.95s/it] 57%|█████▋    | 227/400 [33:35<25:38,  8.89s/it] 57%|█████▋    | 228/400 [33:43<24:39,  8.60s/it] 57%|█████▋    | 229/400 [33:51<24:11,  8.49s/it] 57%|█████▊    | 230/400 [33:59<23:24,  8.26s/it] 58%|█████▊    | 231/400 [34:08<24:18,  8.63s/it] 58%|█████▊    | 232/400 [34:18<24:46,  8.85s/it] 58%|█████▊    | 233/400 [34:27<25:08,  9.03s/it] 58%|█████▊    | 234/400 [34:36<24:58,  9.03s/it] 59%|█████▉    | 235/400 [34:46<25:11,  9.16s/it] 59%|█████▉    | 236/400 [34:54<24:34,  8.99s/it] 59%|█████▉    | 237/400 [35:03<24:09,  8.89s/it] 60%|█████▉    | 238/400 [35:11<22:58,  8.51s/it] 60%|█████▉    | 239/400 [35:20<23:09,  8.63s/it] 60%|██████    | 240/400 [35:28<23:01,  8.63s/it] 60%|██████    | 241/400 [35:38<23:41,  8.94s/it] 60%|██████    | 242/400 [35:46<23:20,  8.86s/it] 61%|██████    | 243/400 [35:55<22:32,  8.62s/it] 61%|██████    | 244/400 [36:03<22:28,  8.64s/it] 61%|██████▏   | 245/400 [36:12<22:12,  8.60s/it] 62%|██████▏   | 246/400 [36:21<22:30,  8.77s/it] 62%|██████▏   | 247/400 [36:30<22:39,  8.88s/it] 62%|██████▏   | 248/400 [36:39<22:25,  8.85s/it] 62%|██████▏   | 249/400 [36:48<22:14,  8.84s/it] 62%|██████▎   | 250/400 [36:56<21:51,  8.74s/it] 63%|██████▎   | 251/400 [37:05<22:03,  8.88s/it] 63%|██████▎   | 252/400 [37:14<21:43,  8.80s/it] 63%|██████▎   | 253/400 [37:23<21:30,  8.78s/it] 64%|██████▎   | 254/400 [37:32<21:49,  8.97s/it] 64%|██████▍   | 255/400 [37:42<22:14,  9.20s/it] 64%|██████▍   | 256/400 [37:51<22:08,  9.23s/it] 64%|██████▍   | 257/400 [37:59<21:10,  8.89s/it] 64%|██████▍   | 258/400 [38:08<20:47,  8.79s/it] 65%|██████▍   | 259/400 [38:17<20:59,  8.93s/it] 65%|██████▌   | 260/400 [38:26<20:59,  9.00s/it] 65%|██████▌   | 261/400 [38:34<20:14,  8.74s/it] 66%|██████▌   | 262/400 [38:42<19:41,  8.56s/it] 66%|██████▌   | 263/400 [38:51<19:39,  8.61s/it] 66%|██████▌   | 264/400 [39:00<19:21,  8.54s/it] 66%|██████▋   | 265/400 [39:09<19:36,  8.71s/it] 66%|██████▋   | 266/400 [39:17<19:22,  8.68s/it] 67%|██████▋   | 267/400 [39:26<19:21,  8.74s/it] 67%|██████▋   | 268/400 [39:34<18:52,  8.58s/it] 67%|██████▋   | 269/400 [39:43<18:43,  8.58s/it] 68%|██████▊   | 270/400 [39:51<18:25,  8.51s/it] 68%|██████▊   | 271/400 [40:00<18:19,  8.52s/it] 68%|██████▊   | 272/400 [40:09<18:47,  8.81s/it] 68%|██████▊   | 273/400 [40:18<18:47,  8.88s/it] 68%|██████▊   | 274/400 [40:27<18:41,  8.90s/it] 69%|██████▉   | 275/400 [40:37<19:02,  9.14s/it] 69%|██████▉   | 276/400 [40:46<18:33,  8.98s/it] 69%|██████▉   | 277/400 [40:54<18:11,  8.87s/it] 70%|██████▉   | 278/400 [41:03<18:15,  8.98s/it] 70%|██████▉   | 279/400 [41:13<18:14,  9.05s/it] 70%|███████   | 280/400 [41:22<17:58,  8.99s/it] 70%|███████   | 281/400 [41:30<17:38,  8.89s/it] 70%|███████   | 282/400 [41:39<17:17,  8.79s/it] 71%|███████   | 283/400 [41:48<17:17,  8.87s/it] 71%|███████   | 284/400 [41:57<17:04,  8.83s/it] 71%|███████▏  | 285/400 [42:05<16:56,  8.84s/it] 72%|███████▏  | 286/400 [42:14<16:46,  8.83s/it] 72%|███████▏  | 287/400 [42:23<16:48,  8.92s/it] 72%|███████▏  | 288/400 [42:32<16:42,  8.95s/it] 72%|███████▏  | 289/400 [42:41<16:35,  8.97s/it] 72%|███████▎  | 290/400 [42:51<16:42,  9.11s/it] 73%|███████▎  | 291/400 [42:59<16:08,  8.88s/it] 73%|███████▎  | 292/400 [43:08<16:08,  8.97s/it] 73%|███████▎  | 293/400 [43:17<15:36,  8.75s/it] 74%|███████▎  | 294/400 [43:26<15:49,  8.95s/it] 74%|███████▍  | 295/400 [43:35<15:36,  8.92s/it] 74%|███████▍  | 296/400 [43:44<15:24,  8.89s/it] 74%|███████▍  | 297/400 [43:53<15:13,  8.87s/it] 74%|███████▍  | 298/400 [44:02<15:22,  9.04s/it] 75%|███████▍  | 299/400 [44:11<15:20,  9.11s/it] 75%|███████▌  | 300/400 [44:20<15:10,  9.10s/it] 75%|███████▌  | 301/400 [44:29<14:44,  8.93s/it] 76%|███████▌  | 302/400 [44:37<14:23,  8.81s/it] 76%|███████▌  | 303/400 [44:46<14:11,  8.77s/it] 76%|███████▌  | 304/400 [44:54<13:38,  8.52s/it] 76%|███████▋  | 305/400 [45:02<13:11,  8.34s/it] 76%|███████▋  | 306/400 [45:11<13:17,  8.48s/it] 77%|███████▋  | 307/400 [45:20<13:36,  8.78s/it] 77%|███████▋  | 308/400 [45:29<13:30,  8.81s/it] 77%|███████▋  | 309/400 [45:38<13:31,  8.92s/it] 78%|███████▊  | 310/400 [45:47<13:22,  8.91s/it] 78%|███████▊  | 311/400 [45:56<13:19,  8.99s/it] 78%|███████▊  | 312/400 [46:05<13:10,  8.98s/it] 78%|███████▊  | 313/400 [46:15<13:11,  9.10s/it] 78%|███████▊  | 314/400 [46:23<12:43,  8.88s/it] 79%|███████▉  | 315/400 [46:31<12:13,  8.63s/it] 79%|███████▉  | 316/400 [46:40<12:23,  8.85s/it] 79%|███████▉  | 317/400 [46:50<12:21,  8.93s/it] 80%|███████▉  | 318/400 [46:58<12:04,  8.83s/it] 80%|███████▉  | 319/400 [47:06<11:33,  8.57s/it] 80%|████████  | 320/400 [47:14<11:13,  8.42s/it] 80%|████████  | 321/400 [47:23<11:21,  8.62s/it] 80%|████████  | 322/400 [47:32<11:19,  8.71s/it] 81%|████████  | 323/400 [47:41<11:11,  8.72s/it] 81%|████████  | 324/400 [47:50<11:02,  8.71s/it] 81%|████████▏ | 325/400 [47:58<10:54,  8.73s/it] 82%|████████▏ | 326/400 [48:08<11:01,  8.94s/it] 82%|████████▏ | 327/400 [48:17<10:47,  8.87s/it] 82%|████████▏ | 328/400 [48:26<10:46,  8.98s/it] 82%|████████▏ | 329/400 [48:35<10:49,  9.15s/it] 82%|████████▎ | 330/400 [48:44<10:29,  8.99s/it] 83%|████████▎ | 331/400 [48:53<10:13,  8.89s/it] 83%|████████▎ | 332/400 [49:02<10:05,  8.91s/it] 83%|████████▎ | 333/400 [49:10<09:49,  8.80s/it] 84%|████████▎ | 334/400 [49:19<09:46,  8.88s/it] 84%|████████▍ | 335/400 [49:28<09:28,  8.75s/it] 84%|████████▍ | 336/400 [49:37<09:27,  8.87s/it] 84%|████████▍ | 337/400 [49:46<09:27,  9.01s/it] 84%|████████▍ | 338/400 [49:55<09:12,  8.91s/it] 85%|████████▍ | 339/400 [50:04<09:06,  8.95s/it] 85%|████████▌ | 340/400 [50:13<08:55,  8.92s/it] 85%|████████▌ | 341/400 [50:22<08:49,  8.98s/it] 86%|████████▌ | 342/400 [50:31<08:38,  8.95s/it] 86%|████████▌ | 343/400 [50:40<08:39,  9.12s/it] 86%|████████▌ | 344/400 [50:49<08:20,  8.95s/it] 86%|████████▋ | 345/400 [50:58<08:17,  9.05s/it] 86%|████████▋ | 346/400 [51:08<08:15,  9.18s/it] 87%|████████▋ | 347/400 [51:17<08:05,  9.16s/it] 87%|████████▋ | 348/400 [51:27<08:07,  9.38s/it] 87%|████████▋ | 349/400 [51:36<07:58,  9.38s/it] 88%|████████▊ | 350/400 [51:44<07:32,  9.04s/it] 88%|████████▊ | 351/400 [51:53<07:20,  8.99s/it] 88%|████████▊ | 352/400 [52:02<07:10,  8.97s/it] 88%|████████▊ | 353/400 [52:11<07:03,  9.01s/it] 88%|████████▊ | 354/400 [52:19<06:43,  8.78s/it] 89%|████████▉ | 355/400 [52:28<06:27,  8.62s/it] 89%|████████▉ | 356/400 [52:37<06:28,  8.84s/it] 89%|████████▉ | 357/400 [52:46<06:28,  9.02s/it] 90%|████████▉ | 358/400 [52:55<06:14,  8.93s/it] 90%|████████▉ | 359/400 [53:03<05:56,  8.69s/it] 90%|█████████ | 360/400 [53:12<05:52,  8.82s/it] 90%|█████████ | 361/400 [53:21<05:43,  8.82s/it] 90%|█████████ | 362/400 [53:30<05:34,  8.80s/it] 91%|█████████ | 363/400 [53:39<05:32,  8.99s/it] 91%|█████████ | 364/400 [53:49<05:28,  9.12s/it] 91%|█████████▏| 365/400 [53:57<05:14,  8.98s/it] 92%|█████████▏| 366/400 [54:07<05:07,  9.05s/it] 92%|█████████▏| 367/400 [54:15<04:55,  8.97s/it] 92%|█████████▏| 368/400 [54:24<04:43,  8.85s/it] 92%|█████████▏| 369/400 [54:33<04:37,  8.95s/it] 92%|█████████▎| 370/400 [54:42<04:23,  8.80s/it] 93%|█████████▎| 371/400 [54:51<04:20,  9.00s/it] 93%|█████████▎| 372/400 [55:00<04:14,  9.09s/it] 93%|█████████▎| 373/400 [55:09<03:58,  8.82s/it] 94%|█████████▎| 374/400 [55:17<03:48,  8.80s/it] 94%|█████████▍| 375/400 [55:26<03:40,  8.83s/it] 94%|█████████▍| 376/400 [55:34<03:26,  8.59s/it] 94%|█████████▍| 377/400 [55:43<03:20,  8.73s/it] 94%|█████████▍| 378/400 [55:52<03:15,  8.88s/it] 95%|█████████▍| 379/400 [56:01<03:06,  8.89s/it] 95%|█████████▌| 380/400 [56:10<02:55,  8.79s/it] 95%|█████████▌| 381/400 [56:19<02:47,  8.82s/it] 96%|█████████▌| 382/400 [56:28<02:39,  8.84s/it] 96%|█████████▌| 383/400 [56:37<02:30,  8.85s/it] 96%|█████████▌| 384/400 [56:46<02:22,  8.89s/it] 96%|█████████▋| 385/400 [56:54<02:13,  8.88s/it] 96%|█████████▋| 386/400 [57:03<02:02,  8.78s/it] 97%|█████████▋| 387/400 [57:12<01:56,  8.94s/it] 97%|█████████▋| 388/400 [57:20<01:43,  8.66s/it] 97%|█████████▋| 389/400 [57:29<01:35,  8.69s/it] 98%|█████████▊| 390/400 [57:39<01:30,  9.06s/it] 98%|█████████▊| 391/400 [57:47<01:19,  8.86s/it] 98%|█████████▊| 392/400 [57:56<01:10,  8.82s/it] 98%|█████████▊| 393/400 [58:04<01:00,  8.65s/it] 98%|█████████▊| 394/400 [58:13<00:51,  8.64s/it] 99%|█████████▉| 395/400 [58:21<00:42,  8.60s/it] 99%|█████████▉| 396/400 [58:30<00:34,  8.67s/it] 99%|█████████▉| 397/400 [58:39<00:26,  8.68s/it]100%|█████████▉| 398/400 [58:47<00:16,  8.45s/it]100%|█████████▉| 399/400 [58:56<00:08,  8.51s/it]100%|██████████| 400/400 [59:05<00:00,  8.70s/it]100%|██████████| 400/400 [59:05<00:00,  8.86s/it]
/fslhome/djspenc/.local/lib/python3.8/site-packages/emcee/autocorr.py:36: RuntimeWarning: invalid value encountered in true_divide
  acf /= acf[0]
/zhome/djspenc/multimoon/src/mm_analysis.py:457: RuntimeWarning: invalid value encountered in less
  m = np.arange(len(taus)) < c * taus
WARNING:root:The chain is shorter than 50 times the integrated autocorrelation time for 16 parameter(s). Use this estimate with caution and run a longer chain!
N/50 = 8;
tau: [53.54233807 54.13310346 55.72973628 54.20523707 52.14454034 54.78910997
 41.33536807 44.1871753  53.40925224 53.19394112 54.06669649 54.46743467
 47.86816721 54.97116067 54.79258165 32.84779715]
sampler created
261.04169243630395 7495.019118056694
365.28353260278595 10273.551869935945
1775.0407658725721 12937.093456670396
1645.4588586475566 31890.82966590995
5117.931534785244 41967.25231920353
487.27158283168865 77622.13972254664
126.61667993113406 70013.77392526633
88.27990000275713 62053.406434177625
122.89340436553175 55649.02738595098
119.9599842096668 50698.591669183545
152.42353156554782 46634.901445665346
11.995826291493358 43383.757706716344
114.76467290489563 40092.683368859296
177.66056922266398 37638.79410288683
141.9737989733385 35721.743060103254
384.55344920598327 33932.802240638484
261.1795105497222 33067.79460650087
73.58349295996413 31956.193546555613
145.79067814563678 30467.92939399996
60.18985861976398 29309.00961966405
393.1638270443909 28056.65168210806
1000.8580820420157 27674.903485294944
221.46358059575505 28647.425251243025
1101.0384569733433 27915.16499201572
164.70163418413722 29000.63530628178
1004.7592614533169 28201.960167932746
98.5905067335625 29018.1084236636
3.614563327297219 28157.80188484269
64.37036366374377 27193.07520489518
7.917409677040268 26393.92330417158
23.431846200670407 25555.276438999983
10.975951805947261 24793.28630996978
15.330236418711138 24058.604833616067
12.132237356170663 23373.543274419586
12.075270552355505 22723.05951994498
44.24333367250074 22108.634631269226
8.137756051091856 21570.89225430587
7.540611381955387 21013.94476873347
16.56215481217805 20484.793122588962
15.010483160316653 19993.37598803946
0.8043039819494879 19524.038138526692
7.502644144326041 19060.1375923498
12.872491738344252 18625.60258339321
11.912063671592477 18216.921265291483
5.287855400925764 17825.33641903122
2.447402582907671 17443.57677448807
3.7198979953464004 17075.040462885034
6.33143228393601 16723.185346986746
13.192018101148278 16388.356495297157
11.189624971309968 16073.781383492362
1.79654059598397 15769.579420062424
9.492357277023984 15468.04572024967
5.078371299259743 15185.150855034603
0.35839090104127536 14908.64655336661
5.830023676797282 14637.906062306345
18.383911504628486 14381.720260905158
1.1996354592047282 14145.535617296848
2.0600125192067935 13902.681240670356
5.797279848447943 13668.788348895609
0.08442112674674718 13445.806276287722
6.441282938219956 13225.45242022296
10.732824830254685 13017.333254524381
3.85758213832014 12819.227032095625
4.576048916216678 12621.940345764693
4.977671666427341 12431.276685765404
9.039360155031318 12246.69497209201
12.153856169068604 12070.654271131703
0.7065951135882642 11902.081308445258
5.747870753479219 11730.099401883435
0.6684002068068366 11566.63217525187
0.5167749285101308 11404.19256729537
4.657056139767519 11246.159875338844
4.289184789548017 11095.292655224453
6.205830400293053 10948.254365822468
18.831757755659055 10806.414861211697
0.43078891852201195 10676.61450629816
9.367107624650089 10538.23690811151
23.67161355870121 10409.135862895113
7.173906451957009 10292.356683338656
5.401539996957581 10168.185916329396
23.298301910079317 10045.98704081728
0.5832069832431444 9937.681285386629
1.840798096422077 9818.30151507067
6.666901320262696 9702.512686377224
1.15987012196274 9592.287184961177
2.033845752441266 9481.423304974396
9.692475895972166 9373.610304774944
4.580947435988492 9272.599094434305
3.122746877499594 9170.986153730542
14.61616930503078 9070.821166954369
7.8923423597661895 8979.172675726864
17.624905214259343 8885.862289229706
56.43371405306971 8799.79113838544
127373.38165752249 8736.194272047866
0.05
iat is  50.98022748509259
effective sample size =  7.846179190098087
Beginning mm_analysis plots
            -3sigma      -2sigma      -1sigma       median       1sigma  \
mass_1 -5.17531e+19 -4.87194e+19 -4.14148e+19  3.95491e+21  6.48523e+19   
mass_2 -1.78254e+18  -1.2471e+18  -6.3209e+17  2.39524e+18  3.51325e+19   
sma_2      -632.405     -625.836     -589.031        50318      203.273   
ecc_2    -0.0459231   -0.0310121   -0.0193979    0.0721071    0.0429578   
aop_2      -35.0519     -26.4175     -15.8782      172.859      19.5388   
inc_2     -0.288403    -0.177677    -0.111348      126.478     0.236481   
lan_2     -0.667298    -0.635825    -0.540558      205.793       1.0079   
mea_2      -26.1051     -25.3403     -22.8224      135.383       12.583   
mass_3 -2.05751e+19 -2.05371e+19 -2.03027e+19   2.0578e+19  6.46701e+18   
sma_3      -593.557     -517.706     -464.109      26063.4      56.3494   
ecc_3      -0.15759    -0.152129    -0.141652     0.193452     0.133774   
aop_3      -49.3111      -46.019     -45.2455      215.607      18.5925   
inc_3        -2.906     -2.73843     -2.36558      110.776      2.44007   
lan_3     -0.632516    -0.597158     -0.21706      205.592     0.296426   
mea_3      -15.9749     -12.0509     -6.20399      97.8824      83.2145   
j2r2_1     -637.865     -526.754     -353.278      7475.81       2196.9   

             2sigma       3sigma         mean  
mass_1  6.58224e+19  6.60157e+19  3.95997e+21  
mass_2  4.26405e+19  6.00637e+19  1.09268e+19  
sma_2       256.581      282.894      50192.4  
ecc_2      0.058229    0.0634144    0.0764785  
aop_2       22.1539      23.0026      174.111  
inc_2      0.322567     0.391394      126.523  
lan_2       1.03215      1.05891      205.915  
mea_2       23.3814        33.52      131.818  
mass_3  7.71715e+18  8.16238e+18  1.66488e+19  
sma_3       80.7512       351.01      25950.8  
ecc_3      0.138417     0.141133     0.181679  
aop_3        23.017      25.5035      208.928  
inc_3       2.49266      2.57278      110.767  
lan_3      0.858476       1.0951      205.625  
mea_3       85.5508       86.011      120.151  
j2r2_1      2458.99      2963.33      8042.38  
Traceback (most recent call last):
  File "/fslhome/djspenc/.local/lib/python3.8/site-packages/urllib3/connection.py", line 159, in _new_conn
    conn = connection.create_connection(
  File "/fslhome/djspenc/.local/lib/python3.8/site-packages/urllib3/util/connection.py", line 84, in create_connection
    raise err
  File "/fslhome/djspenc/.local/lib/python3.8/site-packages/urllib3/util/connection.py", line 74, in create_connection
    sock.connect(sa)
socket.timeout: timed out

During handling of the above exception, another exception occurred:

Traceback (most recent call last):
  File "/fslhome/djspenc/.local/lib/python3.8/site-packages/urllib3/connectionpool.py", line 670, in urlopen
    httplib_response = self._make_request(
  File "/fslhome/djspenc/.local/lib/python3.8/site-packages/urllib3/connectionpool.py", line 381, in _make_request
    self._validate_conn(conn)
  File "/fslhome/djspenc/.local/lib/python3.8/site-packages/urllib3/connectionpool.py", line 978, in _validate_conn
    conn.connect()
  File "/fslhome/djspenc/.local/lib/python3.8/site-packages/urllib3/connection.py", line 309, in connect
    conn = self._new_conn()
  File "/fslhome/djspenc/.local/lib/python3.8/site-packages/urllib3/connection.py", line 164, in _new_conn
    raise ConnectTimeoutError(
urllib3.exceptions.ConnectTimeoutError: (<urllib3.connection.HTTPSConnection object at 0x7fdbdac061f0>, 'Connection to ssd.jpl.nasa.gov timed out. (connect timeout=30)')

During handling of the above exception, another exception occurred:

Traceback (most recent call last):
  File "/fslhome/djspenc/.local/lib/python3.8/site-packages/requests/adapters.py", line 439, in send
    resp = conn.urlopen(
  File "/fslhome/djspenc/.local/lib/python3.8/site-packages/urllib3/connectionpool.py", line 726, in urlopen
    retries = retries.increment(
  File "/fslhome/djspenc/.local/lib/python3.8/site-packages/urllib3/util/retry.py", line 439, in increment
    raise MaxRetryError(_pool, url, error or ResponseError(cause))
urllib3.exceptions.MaxRetryError: HTTPSConnectionPool(host='ssd.jpl.nasa.gov', port=443): Max retries exceeded with url: /horizons_batch.cgi?batch=1&TABLE_TYPE=OBSERVER&QUANTITIES=%271%2C2%2C3%2C4%2C5%2C6%2C7%2C8%2C9%2C10%2C11%2C12%2C13%2C14%2C15%2C16%2C17%2C18%2C19%2C20%2C21%2C22%2C23%2C24%2C25%2C26%2C27%2C28%2C29%2C30%2C31%2C32%2C33%2C34%2C35%2C36%2C37%2C38%2C39%2C40%2C41%2C42%2C43%27&COMMAND=%22Haumea%3B%22&SOLAR_ELONG=%220%2C180%22&LHA_CUTOFF=0&CSV_FORMAT=YES&CAL_FORMAT=BOTH&ANG_FORMAT=DEG&APPARENT=AIRLESS&REF_SYSTEM=J2000&EXTRA_PREC=NO&CENTER=%27399%27&START_TIME=%222006-01-11T00%3A36%3A00.000%22&STOP_TIME=%222008-05-19T06%3A54%3A43.200%22&STEP_SIZE=%226h%22&SKIP_DAYLT=NO (Caused by ConnectTimeoutError(<urllib3.connection.HTTPSConnection object at 0x7fdbdac061f0>, 'Connection to ssd.jpl.nasa.gov timed out. (connect timeout=30)'))

During handling of the above exception, another exception occurred:

Traceback (most recent call last):
  File "../../../src/mm_run.py", line 340, in <module>
    mm_analysis.plots(sampler, guesses.columns, objname, fit_scale, float_names, obsdf, runprops, geo_obj_pos, mm_make_geo_pos)
  File "/zhome/djspenc/multimoon/src/mm_analysis.py", line 383, in plots
    geo_obj_pos = mm_make_geo_pos.mm_make_geo_pos("Haumea", timesdic, runprops, True)
  File "/zhome/djspenc/multimoon/src/mm_make_geo_pos.py", line 12, in mm_make_geo_pos
    ephKBO = ourKBO.ephemerides()['RA','DEC','datetime_jd']
  File "/fslhome/djspenc/.local/lib/python3.8/site-packages/astroquery/utils/class_or_instance.py", line 25, in f
    return self.fn(obj, *args, **kwds)
  File "/fslhome/djspenc/.local/lib/python3.8/site-packages/astroquery/utils/process_asyncs.py", line 26, in newmethod
    response = getattr(self, async_method_name)(*args, **kwargs)
  File "/fslhome/djspenc/.local/lib/python3.8/site-packages/astroquery/jplhorizons/core.py", line 598, in ephemerides_async
    response = self._request('GET', URL, params=request_payload,
  File "/fslhome/djspenc/.local/lib/python3.8/site-packages/astroquery/query.py", line 257, in _request
    response = query.request(self._session,
  File "/fslhome/djspenc/.local/lib/python3.8/site-packages/astroquery/query.py", line 66, in request
    return session.request(self.method, self.url, params=self.params,
  File "/fslhome/djspenc/.local/lib/python3.8/site-packages/requests/sessions.py", line 530, in request
    resp = self.send(prep, **send_kwargs)
  File "/fslhome/djspenc/.local/lib/python3.8/site-packages/requests/sessions.py", line 643, in send
    r = adapter.send(request, **kwargs)
  File "/fslhome/djspenc/.local/lib/python3.8/site-packages/requests/adapters.py", line 504, in send
    raise ConnectTimeout(e, request=request)
requests.exceptions.ConnectTimeout: HTTPSConnectionPool(host='ssd.jpl.nasa.gov', port=443): Max retries exceeded with url: /horizons_batch.cgi?batch=1&TABLE_TYPE=OBSERVER&QUANTITIES=%271%2C2%2C3%2C4%2C5%2C6%2C7%2C8%2C9%2C10%2C11%2C12%2C13%2C14%2C15%2C16%2C17%2C18%2C19%2C20%2C21%2C22%2C23%2C24%2C25%2C26%2C27%2C28%2C29%2C30%2C31%2C32%2C33%2C34%2C35%2C36%2C37%2C38%2C39%2C40%2C41%2C42%2C43%27&COMMAND=%22Haumea%3B%22&SOLAR_ELONG=%220%2C180%22&LHA_CUTOFF=0&CSV_FORMAT=YES&CAL_FORMAT=BOTH&ANG_FORMAT=DEG&APPARENT=AIRLESS&REF_SYSTEM=J2000&EXTRA_PREC=NO&CENTER=%27399%27&START_TIME=%222006-01-11T00%3A36%3A00.000%22&STOP_TIME=%222008-05-19T06%3A54%3A43.200%22&STEP_SIZE=%226h%22&SKIP_DAYLT=NO (Caused by ConnectTimeoutError(<urllib3.connection.HTTPSConnection object at 0x7fdbdac061f0>, 'Connection to ssd.jpl.nasa.gov timed out. (connect timeout=30)'))
